<?xml version="1.0" encoding="UTF-8"?>
<robot generator="Robot 3.0.4 (Python 3.7.6 on win32)" generated="20200807 19:55:13.340">
<suite id="s1" name="Automation" source="D:\MONU\Robotframework\makemytrip\TestCases\Automation.txt">
<kw name="Open Makemytrip" type="setup">
<kw name="Open Browser" library="Selenium2Library">
<doc>Opens a new browser instance to the optional ``url``.</doc>
<arguments>
<arg>${urlOfListedHotels}</arg>
<arg>${browser}</arg>
</arguments>
<msg timestamp="20200807 19:55:13.766" level="INFO">Opening browser 'Firefox' to base url 'https://www.makemytrip.com/hotels/hotel-listing/?checkin=08092020&amp;city=CTDIU&amp;checkout=08102020&amp;roomStayQualifier=2e2e10e6e&amp;locusId=CTDIU&amp;country=IN&amp;locusType=city&amp;searchText=Diu,%20Daman%20and%20Diu,%20India&amp;visitorId=f399ec2b-c28a-47c5-ba31-f602cdd3f250'.</msg>
<msg timestamp="20200807 19:55:13.771" level="INFO">Firefox driver log is always forced to to: D:\MONU\Robotframework\makemytrip\TestCases\geckodriver-53.log</msg>
<status status="PASS" starttime="20200807 19:55:13.765" endtime="20200807 19:55:47.183"></status>
</kw>
<kw name="Maximize Browser Window" library="Selenium2Library">
<doc>Maximizes current browser window.</doc>
<status status="PASS" starttime="20200807 19:55:47.183" endtime="20200807 19:55:47.198"></status>
</kw>
<status status="PASS" starttime="20200807 19:55:13.765" endtime="20200807 19:55:47.199"></status>
</kw>
<test id="s1-t1" name="Check Popular Filters For Destination">
<kw name="Select Filter From &quot;Select filter&quot; And Check Checkbox Is Clickable Or Not">
<arguments>
<arg>${PopularFilterSection}</arg>
<arg>${allFilters[0]}</arg>
<arg>${popularFiltersList}</arg>
<arg>${PopularFilterNum}</arg>
<arg>${PopularCheckBox}</arg>
<arg>${PopularFilterShowmoreLink}</arg>
<arg>${PopularFilter}</arg>
<arg>${PopularFilterValue}</arg>
</arguments>
<kw name="Run Keyword And Return Status" library="BuiltIn">
<doc>Runs the given keyword with given arguments and returns the status as a Boolean value.</doc>
<arguments>
<arg>Element Should Be Visible</arg>
<arg>${ExploreHotelsOnMap}</arg>
</arguments>
<assign>
<var>${statusHotels}</var>
</assign>
<kw name="Element Should Be Visible" library="Selenium2Library">
<doc>Verifies that the element identified by ``locator`` is visible.</doc>
<arguments>
<arg>${ExploreHotelsOnMap}</arg>
</arguments>
<kw name="Capture Page Screenshot" library="Selenium2Library">
<doc>Takes a screenshot of the current page and embeds it into a log file.</doc>
<msg timestamp="20200807 19:55:47.549" level="INFO" html="yes">&lt;/td&gt;&lt;/tr&gt;&lt;tr&gt;&lt;td colspan="3"&gt;&lt;a href="selenium-screenshot-539.png"&gt;&lt;img src="selenium-screenshot-539.png" width="800px"&gt;&lt;/a&gt;</msg>
<status status="PASS" starttime="20200807 19:55:47.228" endtime="20200807 19:55:47.550"></status>
</kw>
<msg timestamp="20200807 19:55:47.560" level="FAIL">Element with locator 'css=.overlayWholeBlack' not found.</msg>
<status status="FAIL" starttime="20200807 19:55:47.203" endtime="20200807 19:55:47.560"></status>
</kw>
<msg timestamp="20200807 19:55:47.561" level="INFO">${statusHotels} = False</msg>
<status status="PASS" starttime="20200807 19:55:47.202" endtime="20200807 19:55:47.561"></status>
</kw>
<kw name="Run Keyword If" library="BuiltIn">
<doc>Runs the given keyword with the given arguments, if ``condition`` is true.</doc>
<arguments>
<arg>${statusHotels}==True</arg>
<arg>Click Element</arg>
<arg>${ExploreHotelsOnMap}</arg>
</arguments>
<status status="PASS" starttime="20200807 19:55:47.561" endtime="20200807 19:55:47.561"></status>
</kw>
<kw name="Run Keyword And Return Status" library="BuiltIn">
<doc>Runs the given keyword with given arguments and returns the status as a Boolean value.</doc>
<arguments>
<arg>Page Should Contain Element</arg>
<arg>${FilterShowMore}</arg>
</arguments>
<assign>
<var>${showmore}</var>
</assign>
<kw name="Page Should Contain Element" library="Selenium2Library">
<doc>Verifies that element ``locator`` is found on the current page.</doc>
<arguments>
<arg>${FilterShowMore}</arg>
</arguments>
<msg timestamp="20200807 19:55:47.572" level="INFO">Current page contains element 'css=div[id*='popular_filters'] span[id*='show_more']'.</msg>
<status status="PASS" starttime="20200807 19:55:47.562" endtime="20200807 19:55:47.573"></status>
</kw>
<msg timestamp="20200807 19:55:47.573" level="INFO">${showmore} = True</msg>
<status status="PASS" starttime="20200807 19:55:47.561" endtime="20200807 19:55:47.573"></status>
</kw>
<kw name="Run Keyword If" library="BuiltIn">
<doc>Runs the given keyword with the given arguments, if ``condition`` is true.</doc>
<arguments>
<arg>${showmore}==True</arg>
<arg>Click Element</arg>
<arg>${FilterShowMore}</arg>
</arguments>
<kw name="Click Element" library="Selenium2Library">
<doc>Click the element identified by ``locator``.</doc>
<arguments>
<arg>${FilterShowMore}</arg>
</arguments>
<msg timestamp="20200807 19:55:47.574" level="INFO">Clicking element 'css=div[id*='popular_filters'] span[id*='show_more']'.</msg>
<status status="PASS" starttime="20200807 19:55:47.574" endtime="20200807 19:55:47.994"></status>
</kw>
<status status="PASS" starttime="20200807 19:55:47.573" endtime="20200807 19:55:47.995"></status>
</kw>
<kw name="Get Element Count" library="Selenium2Library">
<doc>Returns the number of elements matching ``locator``.</doc>
<arguments>
<arg>${FilterSection}</arg>
</arguments>
<assign>
<var>${totalSection}</var>
</assign>
<msg timestamp="20200807 19:55:48.004" level="INFO">${totalSection} = 1</msg>
<status status="PASS" starttime="20200807 19:55:47.995" endtime="20200807 19:55:48.004"></status>
</kw>
<kw name="Run Keyword If" library="BuiltIn">
<doc>Runs the given keyword with the given arguments, if ``condition`` is true.</doc>
<arguments>
<arg>${totalSection}&gt;1</arg>
<arg>Select Filter From More Than One Sections</arg>
<arg>${totalSection}</arg>
<arg>${selectFilterValue}</arg>
<arg>${FiltersList}</arg>
<arg>${FilterNum}</arg>
<arg>${CheckBox}</arg>
<arg>${Filters}</arg>
<arg>${FilterValue}</arg>
<arg>ELSE</arg>
<arg>Select Filter From Single Section</arg>
<arg>${totalSection}</arg>
<arg>${selectFilterValue}</arg>
<arg>${FiltersList}</arg>
<arg>${FilterNum}</arg>
<arg>${CheckBox}</arg>
<arg>${Filters}</arg>
<arg>${FilterValue}</arg>
</arguments>
<kw name="Select Filter From Single Section">
<arguments>
<arg>${totalSection}</arg>
<arg>${selectFilterValue}</arg>
<arg>${FiltersList}</arg>
<arg>${FilterNum}</arg>
<arg>${CheckBox}</arg>
<arg>${Filters}</arg>
<arg>${FilterValue}</arg>
</arguments>
<kw name="Get Element Count" library="Selenium2Library">
<doc>Returns the number of elements matching ``locator``.</doc>
<arguments>
<arg>${Filters}</arg>
</arguments>
<assign>
<var>${totalFilter}</var>
</assign>
<msg timestamp="20200807 19:55:48.015" level="INFO">${totalFilter} = 8</msg>
<status status="PASS" starttime="20200807 19:55:48.006" endtime="20200807 19:55:48.015"></status>
</kw>
<kw name="${filter} IN RANGE [ 1 | ${totalFilter}+1 ]" type="for">
<kw name="${filter} = 1" type="foritem">
<kw name="Convert To String" library="BuiltIn">
<doc>Converts the given item to a Unicode string.</doc>
<arguments>
<arg>${filter}</arg>
</arguments>
<assign>
<var>${num}</var>
</assign>
<msg timestamp="20200807 19:55:48.016" level="INFO">${num} = 1</msg>
<status status="PASS" starttime="20200807 19:55:48.015" endtime="20200807 19:55:48.016"></status>
</kw>
<kw name="Log" library="BuiltIn">
<doc>Logs the given message with the given level.</doc>
<arguments>
<arg>${FilterNum}</arg>
</arguments>
<msg timestamp="20200807 19:55:48.016" level="INFO">css=div[id*='popular_filters'] ul li:nth-child(FILTERNUM)</msg>
<status status="PASS" starttime="20200807 19:55:48.016" endtime="20200807 19:55:48.016"></status>
</kw>
<kw name="Replace String" library="String">
<doc>Replaces ``search_for`` in the given ``string`` with ``replace_with``.</doc>
<arguments>
<arg>${FilterNum}</arg>
<arg>FILTERNUM</arg>
<arg>${num}</arg>
</arguments>
<assign>
<var>${Filter_Num}</var>
</assign>
<msg timestamp="20200807 19:55:48.017" level="INFO">${Filter_Num} = css=div[id*='popular_filters'] ul li:nth-child(1)</msg>
<status status="PASS" starttime="20200807 19:55:48.016" endtime="20200807 19:55:48.017"></status>
</kw>
<kw name="Replace String" library="String">
<doc>Replaces ``search_for`` in the given ``string`` with ``replace_with``.</doc>
<arguments>
<arg>${FilterValue}</arg>
<arg>FILTERNUM</arg>
<arg>${num}</arg>
</arguments>
<assign>
<var>${Filter_Value}</var>
</assign>
<msg timestamp="20200807 19:55:48.017" level="INFO">${Filter_Value} = css=div[id*='popular_filters'] ul li:nth-child(1) label</msg>
<status status="PASS" starttime="20200807 19:55:48.017" endtime="20200807 19:55:48.017"></status>
</kw>
<kw name="Log" library="BuiltIn">
<doc>Logs the given message with the given level.</doc>
<arguments>
<arg>${Filter_Num}</arg>
</arguments>
<msg timestamp="20200807 19:55:48.018" level="INFO">css=div[id*='popular_filters'] ul li:nth-child(1)</msg>
<status status="PASS" starttime="20200807 19:55:48.018" endtime="20200807 19:55:48.018"></status>
</kw>
<kw name="Log" library="BuiltIn">
<doc>Logs the given message with the given level.</doc>
<arguments>
<arg>${Filter_Value}</arg>
</arguments>
<msg timestamp="20200807 19:55:48.019" level="INFO">css=div[id*='popular_filters'] ul li:nth-child(1) label</msg>
<status status="PASS" starttime="20200807 19:55:48.018" endtime="20200807 19:55:48.019"></status>
</kw>
<kw name="Get Text" library="Selenium2Library">
<doc>Returns the text value of the element identified by ``locator``.</doc>
<arguments>
<arg>${Filter_Value}</arg>
</arguments>
<assign>
<var>${value}</var>
</assign>
<msg timestamp="20200807 19:55:48.048" level="INFO">${value} = Great Value Deals</msg>
<status status="PASS" starttime="20200807 19:55:48.019" endtime="20200807 19:55:48.048"></status>
</kw>
<kw name="Click Element" library="Selenium2Library">
<doc>Click the element identified by ``locator``.</doc>
<arguments>
<arg>${Filter_Num}</arg>
</arguments>
<msg timestamp="20200807 19:55:48.048" level="INFO">Clicking element 'css=div[id*='popular_filters'] ul li:nth-child(1)'.</msg>
<status status="PASS" starttime="20200807 19:55:48.048" endtime="20200807 19:55:48.548"></status>
</kw>
<kw name="Run Keyword And Return Status" library="BuiltIn">
<doc>Runs the given keyword with given arguments and returns the status as a Boolean value.</doc>
<arguments>
<arg>Element Should Contain</arg>
<arg>${AppliedSection}</arg>
<arg>${value}</arg>
</arguments>
<assign>
<var>${status}</var>
</assign>
<kw name="Element Should Contain" library="Selenium2Library">
<doc>Verifies that element ``locator`` contains text ``expected``.</doc>
<arguments>
<arg>${AppliedSection}</arg>
<arg>${value}</arg>
</arguments>
<msg timestamp="20200807 19:55:48.595" level="INFO">Element 'css=.appliedFilters' contains text 'Great Value Deals'.</msg>
<status status="PASS" starttime="20200807 19:55:48.549" endtime="20200807 19:55:48.595"></status>
</kw>
<msg timestamp="20200807 19:55:48.595" level="INFO">${status} = True</msg>
<status status="PASS" starttime="20200807 19:55:48.548" endtime="20200807 19:55:48.595"></status>
</kw>
<kw name="Run Keyword If" library="BuiltIn">
<doc>Runs the given keyword with the given arguments, if ``condition`` is true.</doc>
<arguments>
<arg>${status}==True</arg>
<arg>Check Hotels According To "${selectFilterValue} Filter" For Destination</arg>
<arg>${filter}</arg>
<arg>${FiltersList}</arg>
<arg>${Filter_Num}</arg>
<arg>${value}</arg>
</arguments>
<kw name="Check Hotels According To &quot;Popular Filter&quot; For Destination">
<arguments>
<arg>${filter}</arg>
<arg>${FiltersList}</arg>
<arg>${Filter_Num}</arg>
<arg>${value}</arg>
</arguments>
<kw name="Wait Until Element Is Visible" library="Selenium2Library">
<doc>Waits until the element ``locator`` is visible.</doc>
<arguments>
<arg>${HotelsLists}</arg>
</arguments>
<status status="PASS" starttime="20200807 19:55:48.597" endtime="20200807 19:55:49.397"></status>
</kw>
<kw name="Get Element Count" library="Selenium2Library">
<doc>Returns the number of elements matching ``locator``.</doc>
<arguments>
<arg>${HotelsLists}</arg>
</arguments>
<assign>
<var>${countHotels}</var>
</assign>
<msg timestamp="20200807 19:55:49.486" level="INFO">${countHotels} = 5</msg>
<status status="PASS" starttime="20200807 19:55:49.397" endtime="20200807 19:55:49.486"></status>
</kw>
<kw name="${singleHotel} IN RANGE [ 0 | ${countHotels} ]" type="for">
<kw name="${singleHotel} = 0" type="foritem">
<kw name="Convert To String" library="BuiltIn">
<doc>Converts the given item to a Unicode string.</doc>
<arguments>
<arg>${singleHotel}</arg>
</arguments>
<assign>
<var>${row}</var>
</assign>
<msg timestamp="20200807 19:55:49.488" level="INFO">${row} = 0</msg>
<status status="PASS" starttime="20200807 19:55:49.487" endtime="20200807 19:55:49.488"></status>
</kw>
<kw name="Replace String" library="String">
<doc>Replaces ``search_for`` in the given ``string`` with ``replace_with``.</doc>
<arguments>
<arg>${CheckDesti}</arg>
<arg>ROW</arg>
<arg>${row}</arg>
</arguments>
<assign>
<var>${CheckDesti}</var>
</assign>
<msg timestamp="20200807 19:55:49.489" level="INFO">${CheckDesti} = css=#Listing_hotel_0</msg>
<status status="PASS" starttime="20200807 19:55:49.488" endtime="20200807 19:55:49.489"></status>
</kw>
<kw name="Run Keyword And Return Status" library="BuiltIn">
<doc>Runs the given keyword with given arguments and returns the status as a Boolean value.</doc>
<arguments>
<arg>Element Should Contain</arg>
<arg>${CheckDesti}</arg>
<arg>${FiltersList["${value}"]}</arg>
</arguments>
<assign>
<var>${status}</var>
</assign>
<kw name="Element Should Contain" library="Selenium2Library">
<doc>Verifies that element ``locator`` contains text ``expected``.</doc>
<arguments>
<arg>${CheckDesti}</arg>
<arg>${FiltersList["${value}"]}</arg>
</arguments>
<msg timestamp="20200807 19:55:49.491" level="FAIL">Resolving variable '${FiltersList["Great Value Deals"]}' failed: KeyError: 'Great Value Deals'</msg>
<status status="FAIL" starttime="20200807 19:55:49.490" endtime="20200807 19:55:49.491"></status>
</kw>
<msg timestamp="20200807 19:55:49.491" level="INFO">${status} = False</msg>
<status status="PASS" starttime="20200807 19:55:49.489" endtime="20200807 19:55:49.491"></status>
</kw>
<kw name="Run Keyword And Return Status" library="BuiltIn">
<doc>Runs the given keyword with given arguments and returns the status as a Boolean value.</doc>
<arguments>
<arg>Keyword Should Exist</arg>
<arg>Check Image Of "${value}" Popular Filter</arg>
</arguments>
<assign>
<var>${status1}</var>
</assign>
<kw name="Keyword Should Exist" library="BuiltIn">
<doc>Fails unless the given keyword exists in the current scope.</doc>
<arguments>
<arg>Check Image Of "${value}" Popular Filter</arg>
</arguments>
<msg timestamp="20200807 19:55:49.504" level="FAIL">No keyword with name 'Check Image Of "Great Value Deals" Popular Filter' found.</msg>
<status status="FAIL" starttime="20200807 19:55:49.492" endtime="20200807 19:55:49.504"></status>
</kw>
<msg timestamp="20200807 19:55:49.504" level="INFO">${status1} = False</msg>
<status status="PASS" starttime="20200807 19:55:49.491" endtime="20200807 19:55:49.504"></status>
</kw>
<kw name="Run Keyword If" library="BuiltIn">
<doc>Runs the given keyword with the given arguments, if ``condition`` is true.</doc>
<arguments>
<arg>${status1}==True</arg>
<arg>Check Image Of "${value}" Popular Filter</arg>
<arg>${row}</arg>
<arg>${value}</arg>
<arg>ELSE IF</arg>
<arg>${status}==True</arg>
<arg>Element Should Contain</arg>
<arg>${CheckDesti}</arg>
<arg>${FiltersList["${value}"]}</arg>
<arg>ELSE IF</arg>
<arg>${status1}==False and ${status}==False</arg>
<arg>Check Only Filter Hotels</arg>
</arguments>
<kw name="Check Only Filter Hotels">
<kw name="Wait Until Element Is Visible" library="Selenium2Library">
<doc>Waits until the element ``locator`` is visible.</doc>
<arguments>
<arg>${HotelsLists}</arg>
</arguments>
<status status="PASS" starttime="20200807 19:55:49.506" endtime="20200807 19:55:49.573"></status>
</kw>
<kw name="Get Element Count" library="Selenium2Library">
<doc>Returns the number of elements matching ``locator``.</doc>
<arguments>
<arg>${HotelsLists}</arg>
</arguments>
<assign>
<var>${countHotels}</var>
</assign>
<msg timestamp="20200807 19:55:49.585" level="INFO">${countHotels} = 5</msg>
<status status="PASS" starttime="20200807 19:55:49.573" endtime="20200807 19:55:49.585"></status>
</kw>
<status status="PASS" starttime="20200807 19:55:49.506" endtime="20200807 19:55:49.586"></status>
</kw>
<status status="PASS" starttime="20200807 19:55:49.505" endtime="20200807 19:55:49.586"></status>
</kw>
<kw name="Evaluate" library="BuiltIn">
<doc>Evaluates the given expression in Python and returns the results.</doc>
<arguments>
<arg>${singleHotel}+1</arg>
</arguments>
<assign>
<var>${singleHotel}</var>
</assign>
<msg timestamp="20200807 19:55:49.587" level="INFO">${singleHotel} = 1</msg>
<status status="PASS" starttime="20200807 19:55:49.586" endtime="20200807 19:55:49.587"></status>
</kw>
<kw name="Replace String" library="String">
<doc>Replaces ``search_for`` in the given ``string`` with ``replace_with``.</doc>
<arguments>
<arg>${CheckDesti}</arg>
<arg>${row}</arg>
<arg>ROW</arg>
</arguments>
<assign>
<var>${CheckDesti}</var>
</assign>
<msg timestamp="20200807 19:55:49.588" level="INFO">${CheckDesti} = css=#Listing_hotel_ROW</msg>
<status status="PASS" starttime="20200807 19:55:49.587" endtime="20200807 19:55:49.588"></status>
</kw>
<status status="PASS" starttime="20200807 19:55:49.487" endtime="20200807 19:55:49.588"></status>
</kw>
<kw name="${singleHotel} = 1" type="foritem">
<kw name="Convert To String" library="BuiltIn">
<doc>Converts the given item to a Unicode string.</doc>
<arguments>
<arg>${singleHotel}</arg>
</arguments>
<assign>
<var>${row}</var>
</assign>
<msg timestamp="20200807 19:55:49.589" level="INFO">${row} = 1</msg>
<status status="PASS" starttime="20200807 19:55:49.589" endtime="20200807 19:55:49.589"></status>
</kw>
<kw name="Replace String" library="String">
<doc>Replaces ``search_for`` in the given ``string`` with ``replace_with``.</doc>
<arguments>
<arg>${CheckDesti}</arg>
<arg>ROW</arg>
<arg>${row}</arg>
</arguments>
<assign>
<var>${CheckDesti}</var>
</assign>
<msg timestamp="20200807 19:55:49.590" level="INFO">${CheckDesti} = css=#Listing_hotel_1</msg>
<status status="PASS" starttime="20200807 19:55:49.590" endtime="20200807 19:55:49.590"></status>
</kw>
<kw name="Run Keyword And Return Status" library="BuiltIn">
<doc>Runs the given keyword with given arguments and returns the status as a Boolean value.</doc>
<arguments>
<arg>Element Should Contain</arg>
<arg>${CheckDesti}</arg>
<arg>${FiltersList["${value}"]}</arg>
</arguments>
<assign>
<var>${status}</var>
</assign>
<kw name="Element Should Contain" library="Selenium2Library">
<doc>Verifies that element ``locator`` contains text ``expected``.</doc>
<arguments>
<arg>${CheckDesti}</arg>
<arg>${FiltersList["${value}"]}</arg>
</arguments>
<msg timestamp="20200807 19:55:49.592" level="FAIL">Resolving variable '${FiltersList["Great Value Deals"]}' failed: KeyError: 'Great Value Deals'</msg>
<status status="FAIL" starttime="20200807 19:55:49.591" endtime="20200807 19:55:49.592"></status>
</kw>
<msg timestamp="20200807 19:55:49.592" level="INFO">${status} = False</msg>
<status status="PASS" starttime="20200807 19:55:49.591" endtime="20200807 19:55:49.592"></status>
</kw>
<kw name="Run Keyword And Return Status" library="BuiltIn">
<doc>Runs the given keyword with given arguments and returns the status as a Boolean value.</doc>
<arguments>
<arg>Keyword Should Exist</arg>
<arg>Check Image Of "${value}" Popular Filter</arg>
</arguments>
<assign>
<var>${status1}</var>
</assign>
<kw name="Keyword Should Exist" library="BuiltIn">
<doc>Fails unless the given keyword exists in the current scope.</doc>
<arguments>
<arg>Check Image Of "${value}" Popular Filter</arg>
</arguments>
<msg timestamp="20200807 19:55:49.604" level="FAIL">No keyword with name 'Check Image Of "Great Value Deals" Popular Filter' found.</msg>
<status status="FAIL" starttime="20200807 19:55:49.593" endtime="20200807 19:55:49.605"></status>
</kw>
<msg timestamp="20200807 19:55:49.605" level="INFO">${status1} = False</msg>
<status status="PASS" starttime="20200807 19:55:49.593" endtime="20200807 19:55:49.605"></status>
</kw>
<kw name="Run Keyword If" library="BuiltIn">
<doc>Runs the given keyword with the given arguments, if ``condition`` is true.</doc>
<arguments>
<arg>${status1}==True</arg>
<arg>Check Image Of "${value}" Popular Filter</arg>
<arg>${row}</arg>
<arg>${value}</arg>
<arg>ELSE IF</arg>
<arg>${status}==True</arg>
<arg>Element Should Contain</arg>
<arg>${CheckDesti}</arg>
<arg>${FiltersList["${value}"]}</arg>
<arg>ELSE IF</arg>
<arg>${status1}==False and ${status}==False</arg>
<arg>Check Only Filter Hotels</arg>
</arguments>
<kw name="Check Only Filter Hotels">
<kw name="Wait Until Element Is Visible" library="Selenium2Library">
<doc>Waits until the element ``locator`` is visible.</doc>
<arguments>
<arg>${HotelsLists}</arg>
</arguments>
<status status="PASS" starttime="20200807 19:55:49.609" endtime="20200807 19:55:49.650"></status>
</kw>
<kw name="Get Element Count" library="Selenium2Library">
<doc>Returns the number of elements matching ``locator``.</doc>
<arguments>
<arg>${HotelsLists}</arg>
</arguments>
<assign>
<var>${countHotels}</var>
</assign>
<msg timestamp="20200807 19:55:49.661" level="INFO">${countHotels} = 5</msg>
<status status="PASS" starttime="20200807 19:55:49.651" endtime="20200807 19:55:49.661"></status>
</kw>
<status status="PASS" starttime="20200807 19:55:49.608" endtime="20200807 19:55:49.661"></status>
</kw>
<status status="PASS" starttime="20200807 19:55:49.606" endtime="20200807 19:55:49.661"></status>
</kw>
<kw name="Evaluate" library="BuiltIn">
<doc>Evaluates the given expression in Python and returns the results.</doc>
<arguments>
<arg>${singleHotel}+1</arg>
</arguments>
<assign>
<var>${singleHotel}</var>
</assign>
<msg timestamp="20200807 19:55:49.662" level="INFO">${singleHotel} = 2</msg>
<status status="PASS" starttime="20200807 19:55:49.662" endtime="20200807 19:55:49.662"></status>
</kw>
<kw name="Replace String" library="String">
<doc>Replaces ``search_for`` in the given ``string`` with ``replace_with``.</doc>
<arguments>
<arg>${CheckDesti}</arg>
<arg>${row}</arg>
<arg>ROW</arg>
</arguments>
<assign>
<var>${CheckDesti}</var>
</assign>
<msg timestamp="20200807 19:55:49.662" level="INFO">${CheckDesti} = css=#Listing_hotel_ROW</msg>
<status status="PASS" starttime="20200807 19:55:49.662" endtime="20200807 19:55:49.662"></status>
</kw>
<status status="PASS" starttime="20200807 19:55:49.588" endtime="20200807 19:55:49.663"></status>
</kw>
<kw name="${singleHotel} = 2" type="foritem">
<kw name="Convert To String" library="BuiltIn">
<doc>Converts the given item to a Unicode string.</doc>
<arguments>
<arg>${singleHotel}</arg>
</arguments>
<assign>
<var>${row}</var>
</assign>
<msg timestamp="20200807 19:55:49.663" level="INFO">${row} = 2</msg>
<status status="PASS" starttime="20200807 19:55:49.663" endtime="20200807 19:55:49.663"></status>
</kw>
<kw name="Replace String" library="String">
<doc>Replaces ``search_for`` in the given ``string`` with ``replace_with``.</doc>
<arguments>
<arg>${CheckDesti}</arg>
<arg>ROW</arg>
<arg>${row}</arg>
</arguments>
<assign>
<var>${CheckDesti}</var>
</assign>
<msg timestamp="20200807 19:55:49.664" level="INFO">${CheckDesti} = css=#Listing_hotel_2</msg>
<status status="PASS" starttime="20200807 19:55:49.663" endtime="20200807 19:55:49.664"></status>
</kw>
<kw name="Run Keyword And Return Status" library="BuiltIn">
<doc>Runs the given keyword with given arguments and returns the status as a Boolean value.</doc>
<arguments>
<arg>Element Should Contain</arg>
<arg>${CheckDesti}</arg>
<arg>${FiltersList["${value}"]}</arg>
</arguments>
<assign>
<var>${status}</var>
</assign>
<kw name="Element Should Contain" library="Selenium2Library">
<doc>Verifies that element ``locator`` contains text ``expected``.</doc>
<arguments>
<arg>${CheckDesti}</arg>
<arg>${FiltersList["${value}"]}</arg>
</arguments>
<msg timestamp="20200807 19:55:49.665" level="FAIL">Resolving variable '${FiltersList["Great Value Deals"]}' failed: KeyError: 'Great Value Deals'</msg>
<status status="FAIL" starttime="20200807 19:55:49.664" endtime="20200807 19:55:49.665"></status>
</kw>
<msg timestamp="20200807 19:55:49.665" level="INFO">${status} = False</msg>
<status status="PASS" starttime="20200807 19:55:49.664" endtime="20200807 19:55:49.665"></status>
</kw>
<kw name="Run Keyword And Return Status" library="BuiltIn">
<doc>Runs the given keyword with given arguments and returns the status as a Boolean value.</doc>
<arguments>
<arg>Keyword Should Exist</arg>
<arg>Check Image Of "${value}" Popular Filter</arg>
</arguments>
<assign>
<var>${status1}</var>
</assign>
<kw name="Keyword Should Exist" library="BuiltIn">
<doc>Fails unless the given keyword exists in the current scope.</doc>
<arguments>
<arg>Check Image Of "${value}" Popular Filter</arg>
</arguments>
<msg timestamp="20200807 19:55:49.673" level="FAIL">No keyword with name 'Check Image Of "Great Value Deals" Popular Filter' found.</msg>
<status status="FAIL" starttime="20200807 19:55:49.665" endtime="20200807 19:55:49.673"></status>
</kw>
<msg timestamp="20200807 19:55:49.674" level="INFO">${status1} = False</msg>
<status status="PASS" starttime="20200807 19:55:49.665" endtime="20200807 19:55:49.674"></status>
</kw>
<kw name="Run Keyword If" library="BuiltIn">
<doc>Runs the given keyword with the given arguments, if ``condition`` is true.</doc>
<arguments>
<arg>${status1}==True</arg>
<arg>Check Image Of "${value}" Popular Filter</arg>
<arg>${row}</arg>
<arg>${value}</arg>
<arg>ELSE IF</arg>
<arg>${status}==True</arg>
<arg>Element Should Contain</arg>
<arg>${CheckDesti}</arg>
<arg>${FiltersList["${value}"]}</arg>
<arg>ELSE IF</arg>
<arg>${status1}==False and ${status}==False</arg>
<arg>Check Only Filter Hotels</arg>
</arguments>
<kw name="Check Only Filter Hotels">
<kw name="Wait Until Element Is Visible" library="Selenium2Library">
<doc>Waits until the element ``locator`` is visible.</doc>
<arguments>
<arg>${HotelsLists}</arg>
</arguments>
<status status="PASS" starttime="20200807 19:55:49.675" endtime="20200807 19:55:49.706"></status>
</kw>
<kw name="Get Element Count" library="Selenium2Library">
<doc>Returns the number of elements matching ``locator``.</doc>
<arguments>
<arg>${HotelsLists}</arg>
</arguments>
<assign>
<var>${countHotels}</var>
</assign>
<msg timestamp="20200807 19:55:49.716" level="INFO">${countHotels} = 5</msg>
<status status="PASS" starttime="20200807 19:55:49.707" endtime="20200807 19:55:49.716"></status>
</kw>
<status status="PASS" starttime="20200807 19:55:49.675" endtime="20200807 19:55:49.716"></status>
</kw>
<status status="PASS" starttime="20200807 19:55:49.674" endtime="20200807 19:55:49.717"></status>
</kw>
<kw name="Evaluate" library="BuiltIn">
<doc>Evaluates the given expression in Python and returns the results.</doc>
<arguments>
<arg>${singleHotel}+1</arg>
</arguments>
<assign>
<var>${singleHotel}</var>
</assign>
<msg timestamp="20200807 19:55:49.718" level="INFO">${singleHotel} = 3</msg>
<status status="PASS" starttime="20200807 19:55:49.717" endtime="20200807 19:55:49.718"></status>
</kw>
<kw name="Replace String" library="String">
<doc>Replaces ``search_for`` in the given ``string`` with ``replace_with``.</doc>
<arguments>
<arg>${CheckDesti}</arg>
<arg>${row}</arg>
<arg>ROW</arg>
</arguments>
<assign>
<var>${CheckDesti}</var>
</assign>
<msg timestamp="20200807 19:55:49.719" level="INFO">${CheckDesti} = css=#Listing_hotel_ROW</msg>
<status status="PASS" starttime="20200807 19:55:49.718" endtime="20200807 19:55:49.719"></status>
</kw>
<status status="PASS" starttime="20200807 19:55:49.663" endtime="20200807 19:55:49.719"></status>
</kw>
<kw name="${singleHotel} = 3" type="foritem">
<kw name="Convert To String" library="BuiltIn">
<doc>Converts the given item to a Unicode string.</doc>
<arguments>
<arg>${singleHotel}</arg>
</arguments>
<assign>
<var>${row}</var>
</assign>
<msg timestamp="20200807 19:55:49.720" level="INFO">${row} = 3</msg>
<status status="PASS" starttime="20200807 19:55:49.720" endtime="20200807 19:55:49.720"></status>
</kw>
<kw name="Replace String" library="String">
<doc>Replaces ``search_for`` in the given ``string`` with ``replace_with``.</doc>
<arguments>
<arg>${CheckDesti}</arg>
<arg>ROW</arg>
<arg>${row}</arg>
</arguments>
<assign>
<var>${CheckDesti}</var>
</assign>
<msg timestamp="20200807 19:55:49.721" level="INFO">${CheckDesti} = css=#Listing_hotel_3</msg>
<status status="PASS" starttime="20200807 19:55:49.721" endtime="20200807 19:55:49.722"></status>
</kw>
<kw name="Run Keyword And Return Status" library="BuiltIn">
<doc>Runs the given keyword with given arguments and returns the status as a Boolean value.</doc>
<arguments>
<arg>Element Should Contain</arg>
<arg>${CheckDesti}</arg>
<arg>${FiltersList["${value}"]}</arg>
</arguments>
<assign>
<var>${status}</var>
</assign>
<kw name="Element Should Contain" library="Selenium2Library">
<doc>Verifies that element ``locator`` contains text ``expected``.</doc>
<arguments>
<arg>${CheckDesti}</arg>
<arg>${FiltersList["${value}"]}</arg>
</arguments>
<msg timestamp="20200807 19:55:49.723" level="FAIL">Resolving variable '${FiltersList["Great Value Deals"]}' failed: KeyError: 'Great Value Deals'</msg>
<status status="FAIL" starttime="20200807 19:55:49.722" endtime="20200807 19:55:49.723"></status>
</kw>
<msg timestamp="20200807 19:55:49.723" level="INFO">${status} = False</msg>
<status status="PASS" starttime="20200807 19:55:49.722" endtime="20200807 19:55:49.724"></status>
</kw>
<kw name="Run Keyword And Return Status" library="BuiltIn">
<doc>Runs the given keyword with given arguments and returns the status as a Boolean value.</doc>
<arguments>
<arg>Keyword Should Exist</arg>
<arg>Check Image Of "${value}" Popular Filter</arg>
</arguments>
<assign>
<var>${status1}</var>
</assign>
<kw name="Keyword Should Exist" library="BuiltIn">
<doc>Fails unless the given keyword exists in the current scope.</doc>
<arguments>
<arg>Check Image Of "${value}" Popular Filter</arg>
</arguments>
<msg timestamp="20200807 19:55:49.735" level="FAIL">No keyword with name 'Check Image Of "Great Value Deals" Popular Filter' found.</msg>
<status status="FAIL" starttime="20200807 19:55:49.724" endtime="20200807 19:55:49.735"></status>
</kw>
<msg timestamp="20200807 19:55:49.735" level="INFO">${status1} = False</msg>
<status status="PASS" starttime="20200807 19:55:49.724" endtime="20200807 19:55:49.735"></status>
</kw>
<kw name="Run Keyword If" library="BuiltIn">
<doc>Runs the given keyword with the given arguments, if ``condition`` is true.</doc>
<arguments>
<arg>${status1}==True</arg>
<arg>Check Image Of "${value}" Popular Filter</arg>
<arg>${row}</arg>
<arg>${value}</arg>
<arg>ELSE IF</arg>
<arg>${status}==True</arg>
<arg>Element Should Contain</arg>
<arg>${CheckDesti}</arg>
<arg>${FiltersList["${value}"]}</arg>
<arg>ELSE IF</arg>
<arg>${status1}==False and ${status}==False</arg>
<arg>Check Only Filter Hotels</arg>
</arguments>
<kw name="Check Only Filter Hotels">
<kw name="Wait Until Element Is Visible" library="Selenium2Library">
<doc>Waits until the element ``locator`` is visible.</doc>
<arguments>
<arg>${HotelsLists}</arg>
</arguments>
<status status="PASS" starttime="20200807 19:55:49.737" endtime="20200807 19:55:49.763"></status>
</kw>
<kw name="Get Element Count" library="Selenium2Library">
<doc>Returns the number of elements matching ``locator``.</doc>
<arguments>
<arg>${HotelsLists}</arg>
</arguments>
<assign>
<var>${countHotels}</var>
</assign>
<msg timestamp="20200807 19:55:49.769" level="INFO">${countHotels} = 5</msg>
<status status="PASS" starttime="20200807 19:55:49.763" endtime="20200807 19:55:49.769"></status>
</kw>
<status status="PASS" starttime="20200807 19:55:49.737" endtime="20200807 19:55:49.769"></status>
</kw>
<status status="PASS" starttime="20200807 19:55:49.736" endtime="20200807 19:55:49.769"></status>
</kw>
<kw name="Evaluate" library="BuiltIn">
<doc>Evaluates the given expression in Python and returns the results.</doc>
<arguments>
<arg>${singleHotel}+1</arg>
</arguments>
<assign>
<var>${singleHotel}</var>
</assign>
<msg timestamp="20200807 19:55:49.770" level="INFO">${singleHotel} = 4</msg>
<status status="PASS" starttime="20200807 19:55:49.769" endtime="20200807 19:55:49.770"></status>
</kw>
<kw name="Replace String" library="String">
<doc>Replaces ``search_for`` in the given ``string`` with ``replace_with``.</doc>
<arguments>
<arg>${CheckDesti}</arg>
<arg>${row}</arg>
<arg>ROW</arg>
</arguments>
<assign>
<var>${CheckDesti}</var>
</assign>
<msg timestamp="20200807 19:55:49.770" level="INFO">${CheckDesti} = css=#Listing_hotel_ROW</msg>
<status status="PASS" starttime="20200807 19:55:49.770" endtime="20200807 19:55:49.770"></status>
</kw>
<status status="PASS" starttime="20200807 19:55:49.719" endtime="20200807 19:55:49.770"></status>
</kw>
<kw name="${singleHotel} = 4" type="foritem">
<kw name="Convert To String" library="BuiltIn">
<doc>Converts the given item to a Unicode string.</doc>
<arguments>
<arg>${singleHotel}</arg>
</arguments>
<assign>
<var>${row}</var>
</assign>
<msg timestamp="20200807 19:55:49.771" level="INFO">${row} = 4</msg>
<status status="PASS" starttime="20200807 19:55:49.770" endtime="20200807 19:55:49.771"></status>
</kw>
<kw name="Replace String" library="String">
<doc>Replaces ``search_for`` in the given ``string`` with ``replace_with``.</doc>
<arguments>
<arg>${CheckDesti}</arg>
<arg>ROW</arg>
<arg>${row}</arg>
</arguments>
<assign>
<var>${CheckDesti}</var>
</assign>
<msg timestamp="20200807 19:55:49.771" level="INFO">${CheckDesti} = css=#Listing_hotel_4</msg>
<status status="PASS" starttime="20200807 19:55:49.771" endtime="20200807 19:55:49.771"></status>
</kw>
<kw name="Run Keyword And Return Status" library="BuiltIn">
<doc>Runs the given keyword with given arguments and returns the status as a Boolean value.</doc>
<arguments>
<arg>Element Should Contain</arg>
<arg>${CheckDesti}</arg>
<arg>${FiltersList["${value}"]}</arg>
</arguments>
<assign>
<var>${status}</var>
</assign>
<kw name="Element Should Contain" library="Selenium2Library">
<doc>Verifies that element ``locator`` contains text ``expected``.</doc>
<arguments>
<arg>${CheckDesti}</arg>
<arg>${FiltersList["${value}"]}</arg>
</arguments>
<msg timestamp="20200807 19:55:49.772" level="FAIL">Resolving variable '${FiltersList["Great Value Deals"]}' failed: KeyError: 'Great Value Deals'</msg>
<status status="FAIL" starttime="20200807 19:55:49.772" endtime="20200807 19:55:49.772"></status>
</kw>
<msg timestamp="20200807 19:55:49.772" level="INFO">${status} = False</msg>
<status status="PASS" starttime="20200807 19:55:49.771" endtime="20200807 19:55:49.772"></status>
</kw>
<kw name="Run Keyword And Return Status" library="BuiltIn">
<doc>Runs the given keyword with given arguments and returns the status as a Boolean value.</doc>
<arguments>
<arg>Keyword Should Exist</arg>
<arg>Check Image Of "${value}" Popular Filter</arg>
</arguments>
<assign>
<var>${status1}</var>
</assign>
<kw name="Keyword Should Exist" library="BuiltIn">
<doc>Fails unless the given keyword exists in the current scope.</doc>
<arguments>
<arg>Check Image Of "${value}" Popular Filter</arg>
</arguments>
<msg timestamp="20200807 19:55:49.778" level="FAIL">No keyword with name 'Check Image Of "Great Value Deals" Popular Filter' found.</msg>
<status status="FAIL" starttime="20200807 19:55:49.773" endtime="20200807 19:55:49.778"></status>
</kw>
<msg timestamp="20200807 19:55:49.778" level="INFO">${status1} = False</msg>
<status status="PASS" starttime="20200807 19:55:49.773" endtime="20200807 19:55:49.778"></status>
</kw>
<kw name="Run Keyword If" library="BuiltIn">
<doc>Runs the given keyword with the given arguments, if ``condition`` is true.</doc>
<arguments>
<arg>${status1}==True</arg>
<arg>Check Image Of "${value}" Popular Filter</arg>
<arg>${row}</arg>
<arg>${value}</arg>
<arg>ELSE IF</arg>
<arg>${status}==True</arg>
<arg>Element Should Contain</arg>
<arg>${CheckDesti}</arg>
<arg>${FiltersList["${value}"]}</arg>
<arg>ELSE IF</arg>
<arg>${status1}==False and ${status}==False</arg>
<arg>Check Only Filter Hotels</arg>
</arguments>
<kw name="Check Only Filter Hotels">
<kw name="Wait Until Element Is Visible" library="Selenium2Library">
<doc>Waits until the element ``locator`` is visible.</doc>
<arguments>
<arg>${HotelsLists}</arg>
</arguments>
<status status="PASS" starttime="20200807 19:55:49.779" endtime="20200807 19:55:49.806"></status>
</kw>
<kw name="Get Element Count" library="Selenium2Library">
<doc>Returns the number of elements matching ``locator``.</doc>
<arguments>
<arg>${HotelsLists}</arg>
</arguments>
<assign>
<var>${countHotels}</var>
</assign>
<msg timestamp="20200807 19:55:49.813" level="INFO">${countHotels} = 5</msg>
<status status="PASS" starttime="20200807 19:55:49.806" endtime="20200807 19:55:49.813"></status>
</kw>
<status status="PASS" starttime="20200807 19:55:49.779" endtime="20200807 19:55:49.813"></status>
</kw>
<status status="PASS" starttime="20200807 19:55:49.778" endtime="20200807 19:55:49.813"></status>
</kw>
<kw name="Evaluate" library="BuiltIn">
<doc>Evaluates the given expression in Python and returns the results.</doc>
<arguments>
<arg>${singleHotel}+1</arg>
</arguments>
<assign>
<var>${singleHotel}</var>
</assign>
<msg timestamp="20200807 19:55:49.814" level="INFO">${singleHotel} = 5</msg>
<status status="PASS" starttime="20200807 19:55:49.814" endtime="20200807 19:55:49.814"></status>
</kw>
<kw name="Replace String" library="String">
<doc>Replaces ``search_for`` in the given ``string`` with ``replace_with``.</doc>
<arguments>
<arg>${CheckDesti}</arg>
<arg>${row}</arg>
<arg>ROW</arg>
</arguments>
<assign>
<var>${CheckDesti}</var>
</assign>
<msg timestamp="20200807 19:55:49.814" level="INFO">${CheckDesti} = css=#Listing_hotel_ROW</msg>
<status status="PASS" starttime="20200807 19:55:49.814" endtime="20200807 19:55:49.814"></status>
</kw>
<status status="PASS" starttime="20200807 19:55:49.770" endtime="20200807 19:55:49.814"></status>
</kw>
<status status="PASS" starttime="20200807 19:55:49.486" endtime="20200807 19:55:49.814"></status>
</kw>
<kw name="Click Element" library="Selenium2Library">
<doc>Click the element identified by ``locator``.</doc>
<arguments>
<arg>${AppliedFilterCancelMark}</arg>
</arguments>
<msg timestamp="20200807 19:55:49.815" level="INFO">Clicking element 'css=.appliedFilters li:nth-child(1) a'.</msg>
<status status="PASS" starttime="20200807 19:55:49.815" endtime="20200807 19:55:50.213"></status>
</kw>
<kw name="Sleep" library="BuiltIn">
<doc>Pauses the test executed for the given time.</doc>
<arguments>
<arg>5s</arg>
</arguments>
<msg timestamp="20200807 19:55:55.215" level="INFO">Slept 5 seconds</msg>
<status status="PASS" starttime="20200807 19:55:50.213" endtime="20200807 19:55:55.215"></status>
</kw>
<status status="PASS" starttime="20200807 19:55:48.596" endtime="20200807 19:55:55.216"></status>
</kw>
<status status="PASS" starttime="20200807 19:55:48.595" endtime="20200807 19:55:55.216"></status>
</kw>
<kw name="Replace String" library="String">
<doc>Replaces ``search_for`` in the given ``string`` with ``replace_with``.</doc>
<arguments>
<arg>${FilterNum}</arg>
<arg>${num}</arg>
<arg>FILTERNUM</arg>
</arguments>
<assign>
<var>${FilterNum}</var>
</assign>
<msg timestamp="20200807 19:55:55.218" level="INFO">${FilterNum} = css=div[id*='popular_filters'] ul li:nth-child(FILTERNUM)</msg>
<status status="PASS" starttime="20200807 19:55:55.217" endtime="20200807 19:55:55.218"></status>
</kw>
<kw name="Replace String" library="String">
<doc>Replaces ``search_for`` in the given ``string`` with ``replace_with``.</doc>
<arguments>
<arg>${FilterValue}</arg>
<arg>${num}</arg>
<arg>FILTERNUM</arg>
</arguments>
<assign>
<var>${FilterValue}</var>
</assign>
<msg timestamp="20200807 19:55:55.220" level="INFO">${FilterValue} = css=div[id*='popular_filters'] ul li:nth-child(FILTERNUM) label</msg>
<status status="PASS" starttime="20200807 19:55:55.219" endtime="20200807 19:55:55.220"></status>
</kw>
<kw name="Evaluate" library="BuiltIn">
<doc>Evaluates the given expression in Python and returns the results.</doc>
<arguments>
<arg>${filter}+1</arg>
</arguments>
<assign>
<var>${filter}</var>
</assign>
<msg timestamp="20200807 19:55:55.222" level="INFO">${filter} = 2</msg>
<status status="PASS" starttime="20200807 19:55:55.221" endtime="20200807 19:55:55.222"></status>
</kw>
<status status="PASS" starttime="20200807 19:55:48.015" endtime="20200807 19:55:55.222"></status>
</kw>
<kw name="${filter} = 2" type="foritem">
<kw name="Convert To String" library="BuiltIn">
<doc>Converts the given item to a Unicode string.</doc>
<arguments>
<arg>${filter}</arg>
</arguments>
<assign>
<var>${num}</var>
</assign>
<msg timestamp="20200807 19:55:55.224" level="INFO">${num} = 2</msg>
<status status="PASS" starttime="20200807 19:55:55.223" endtime="20200807 19:55:55.225"></status>
</kw>
<kw name="Log" library="BuiltIn">
<doc>Logs the given message with the given level.</doc>
<arguments>
<arg>${FilterNum}</arg>
</arguments>
<msg timestamp="20200807 19:55:55.226" level="INFO">css=div[id*='popular_filters'] ul li:nth-child(FILTERNUM)</msg>
<status status="PASS" starttime="20200807 19:55:55.225" endtime="20200807 19:55:55.226"></status>
</kw>
<kw name="Replace String" library="String">
<doc>Replaces ``search_for`` in the given ``string`` with ``replace_with``.</doc>
<arguments>
<arg>${FilterNum}</arg>
<arg>FILTERNUM</arg>
<arg>${num}</arg>
</arguments>
<assign>
<var>${Filter_Num}</var>
</assign>
<msg timestamp="20200807 19:55:55.228" level="INFO">${Filter_Num} = css=div[id*='popular_filters'] ul li:nth-child(2)</msg>
<status status="PASS" starttime="20200807 19:55:55.226" endtime="20200807 19:55:55.228"></status>
</kw>
<kw name="Replace String" library="String">
<doc>Replaces ``search_for`` in the given ``string`` with ``replace_with``.</doc>
<arguments>
<arg>${FilterValue}</arg>
<arg>FILTERNUM</arg>
<arg>${num}</arg>
</arguments>
<assign>
<var>${Filter_Value}</var>
</assign>
<msg timestamp="20200807 19:55:55.231" level="INFO">${Filter_Value} = css=div[id*='popular_filters'] ul li:nth-child(2) label</msg>
<status status="PASS" starttime="20200807 19:55:55.229" endtime="20200807 19:55:55.231"></status>
</kw>
<kw name="Log" library="BuiltIn">
<doc>Logs the given message with the given level.</doc>
<arguments>
<arg>${Filter_Num}</arg>
</arguments>
<msg timestamp="20200807 19:55:55.232" level="INFO">css=div[id*='popular_filters'] ul li:nth-child(2)</msg>
<status status="PASS" starttime="20200807 19:55:55.231" endtime="20200807 19:55:55.232"></status>
</kw>
<kw name="Log" library="BuiltIn">
<doc>Logs the given message with the given level.</doc>
<arguments>
<arg>${Filter_Value}</arg>
</arguments>
<msg timestamp="20200807 19:55:55.233" level="INFO">css=div[id*='popular_filters'] ul li:nth-child(2) label</msg>
<status status="PASS" starttime="20200807 19:55:55.233" endtime="20200807 19:55:55.233"></status>
</kw>
<kw name="Get Text" library="Selenium2Library">
<doc>Returns the text value of the element identified by ``locator``.</doc>
<arguments>
<arg>${Filter_Value}</arg>
</arguments>
<assign>
<var>${value}</var>
</assign>
<msg timestamp="20200807 19:55:55.265" level="INFO">${value} = MMT Assured</msg>
<status status="PASS" starttime="20200807 19:55:55.234" endtime="20200807 19:55:55.265"></status>
</kw>
<kw name="Click Element" library="Selenium2Library">
<doc>Click the element identified by ``locator``.</doc>
<arguments>
<arg>${Filter_Num}</arg>
</arguments>
<msg timestamp="20200807 19:55:55.266" level="INFO">Clicking element 'css=div[id*='popular_filters'] ul li:nth-child(2)'.</msg>
<status status="PASS" starttime="20200807 19:55:55.266" endtime="20200807 19:55:55.712"></status>
</kw>
<kw name="Run Keyword And Return Status" library="BuiltIn">
<doc>Runs the given keyword with given arguments and returns the status as a Boolean value.</doc>
<arguments>
<arg>Element Should Contain</arg>
<arg>${AppliedSection}</arg>
<arg>${value}</arg>
</arguments>
<assign>
<var>${status}</var>
</assign>
<kw name="Element Should Contain" library="Selenium2Library">
<doc>Verifies that element ``locator`` contains text ``expected``.</doc>
<arguments>
<arg>${AppliedSection}</arg>
<arg>${value}</arg>
</arguments>
<msg timestamp="20200807 19:55:55.741" level="INFO">Element 'css=.appliedFilters' contains text 'MMT Assured'.</msg>
<status status="PASS" starttime="20200807 19:55:55.713" endtime="20200807 19:55:55.741"></status>
</kw>
<msg timestamp="20200807 19:55:55.741" level="INFO">${status} = True</msg>
<status status="PASS" starttime="20200807 19:55:55.713" endtime="20200807 19:55:55.741"></status>
</kw>
<kw name="Run Keyword If" library="BuiltIn">
<doc>Runs the given keyword with the given arguments, if ``condition`` is true.</doc>
<arguments>
<arg>${status}==True</arg>
<arg>Check Hotels According To "${selectFilterValue} Filter" For Destination</arg>
<arg>${filter}</arg>
<arg>${FiltersList}</arg>
<arg>${Filter_Num}</arg>
<arg>${value}</arg>
</arguments>
<kw name="Check Hotels According To &quot;Popular Filter&quot; For Destination">
<arguments>
<arg>${filter}</arg>
<arg>${FiltersList}</arg>
<arg>${Filter_Num}</arg>
<arg>${value}</arg>
</arguments>
<kw name="Wait Until Element Is Visible" library="Selenium2Library">
<doc>Waits until the element ``locator`` is visible.</doc>
<arguments>
<arg>${HotelsLists}</arg>
</arguments>
<status status="PASS" starttime="20200807 19:55:55.743" endtime="20200807 19:55:56.389"></status>
</kw>
<kw name="Get Element Count" library="Selenium2Library">
<doc>Returns the number of elements matching ``locator``.</doc>
<arguments>
<arg>${HotelsLists}</arg>
</arguments>
<assign>
<var>${countHotels}</var>
</assign>
<msg timestamp="20200807 19:55:56.395" level="INFO">${countHotels} = 3</msg>
<status status="PASS" starttime="20200807 19:55:56.389" endtime="20200807 19:55:56.395"></status>
</kw>
<kw name="${singleHotel} IN RANGE [ 0 | ${countHotels} ]" type="for">
<kw name="${singleHotel} = 0" type="foritem">
<kw name="Convert To String" library="BuiltIn">
<doc>Converts the given item to a Unicode string.</doc>
<arguments>
<arg>${singleHotel}</arg>
</arguments>
<assign>
<var>${row}</var>
</assign>
<msg timestamp="20200807 19:55:56.396" level="INFO">${row} = 0</msg>
<status status="PASS" starttime="20200807 19:55:56.395" endtime="20200807 19:55:56.396"></status>
</kw>
<kw name="Replace String" library="String">
<doc>Replaces ``search_for`` in the given ``string`` with ``replace_with``.</doc>
<arguments>
<arg>${CheckDesti}</arg>
<arg>ROW</arg>
<arg>${row}</arg>
</arguments>
<assign>
<var>${CheckDesti}</var>
</assign>
<msg timestamp="20200807 19:55:56.396" level="INFO">${CheckDesti} = css=#Listing_hotel_0</msg>
<status status="PASS" starttime="20200807 19:55:56.396" endtime="20200807 19:55:56.396"></status>
</kw>
<kw name="Run Keyword And Return Status" library="BuiltIn">
<doc>Runs the given keyword with given arguments and returns the status as a Boolean value.</doc>
<arguments>
<arg>Element Should Contain</arg>
<arg>${CheckDesti}</arg>
<arg>${FiltersList["${value}"]}</arg>
</arguments>
<assign>
<var>${status}</var>
</assign>
<kw name="Element Should Contain" library="Selenium2Library">
<doc>Verifies that element ``locator`` contains text ``expected``.</doc>
<arguments>
<arg>${CheckDesti}</arg>
<arg>${FiltersList["${value}"]}</arg>
</arguments>
<kw name="Capture Page Screenshot" library="Selenium2Library">
<doc>Takes a screenshot of the current page and embeds it into a log file.</doc>
<msg timestamp="20200807 19:55:56.860" level="INFO" html="yes">&lt;/td&gt;&lt;/tr&gt;&lt;tr&gt;&lt;td colspan="3"&gt;&lt;a href="selenium-screenshot-540.png"&gt;&lt;img src="selenium-screenshot-540.png" width="800px"&gt;&lt;/a&gt;</msg>
<status status="PASS" starttime="20200807 19:55:56.640" endtime="20200807 19:55:56.861"></status>
</kw>
<msg timestamp="20200807 19:55:56.862" level="FAIL">Element 'css=#Listing_hotel_0' should have contained text 'MMT Assured' but its text was 'RESORT
Radhika Beach Resort
Near Diu Airport | 7.2 km from city centre
1.5 km from Diu Airport (DIU)
Beach Hotels
Couple Friendly
4.6/5
651 RATINGS
Doctor on Call
Free Airport Transfer
Free Wi-Fi
INCLUDED IN THIS PRICE
Free Cancellation
Free Breakfast
Save INR 1,040
10%
INR9,950
INR8,910
Per night
Login to get it @ INR8,811 or less'.</msg>
<status status="FAIL" starttime="20200807 19:55:56.397" endtime="20200807 19:55:56.862"></status>
</kw>
<msg timestamp="20200807 19:55:56.862" level="INFO">${status} = False</msg>
<status status="PASS" starttime="20200807 19:55:56.396" endtime="20200807 19:55:56.862"></status>
</kw>
<kw name="Run Keyword And Return Status" library="BuiltIn">
<doc>Runs the given keyword with given arguments and returns the status as a Boolean value.</doc>
<arguments>
<arg>Keyword Should Exist</arg>
<arg>Check Image Of "${value}" Popular Filter</arg>
</arguments>
<assign>
<var>${status1}</var>
</assign>
<kw name="Keyword Should Exist" library="BuiltIn">
<doc>Fails unless the given keyword exists in the current scope.</doc>
<arguments>
<arg>Check Image Of "${value}" Popular Filter</arg>
</arguments>
<status status="PASS" starttime="20200807 19:55:56.863" endtime="20200807 19:55:56.863"></status>
</kw>
<msg timestamp="20200807 19:55:56.863" level="INFO">${status1} = True</msg>
<status status="PASS" starttime="20200807 19:55:56.863" endtime="20200807 19:55:56.863"></status>
</kw>
<kw name="Run Keyword If" library="BuiltIn">
<doc>Runs the given keyword with the given arguments, if ``condition`` is true.</doc>
<arguments>
<arg>${status1}==True</arg>
<arg>Check Image Of "${value}" Popular Filter</arg>
<arg>${row}</arg>
<arg>${value}</arg>
<arg>ELSE IF</arg>
<arg>${status}==True</arg>
<arg>Element Should Contain</arg>
<arg>${CheckDesti}</arg>
<arg>${FiltersList["${value}"]}</arg>
<arg>ELSE IF</arg>
<arg>${status1}==False and ${status}==False</arg>
<arg>Check Only Filter Hotels</arg>
</arguments>
<kw name="Check Image Of &quot;MMT Assured&quot; Popular Filter">
<arguments>
<arg>${row}</arg>
<arg>${value}</arg>
</arguments>
<kw name="Wait Until Element Is Visible" library="Selenium2Library">
<doc>Waits until the element ``locator`` is visible.</doc>
<arguments>
<arg>${HotelsLists}</arg>
</arguments>
<status status="PASS" starttime="20200807 19:55:56.865" endtime="20200807 19:55:56.908"></status>
</kw>
<kw name="Replace String" library="String">
<doc>Replaces ``search_for`` in the given ``string`` with ``replace_with``.</doc>
<arguments>
<arg>${MMTAssuredImage}</arg>
<arg>ROW</arg>
<arg>${row}</arg>
</arguments>
<assign>
<var>${MMTAssuredImage}</var>
</assign>
<msg timestamp="20200807 19:55:56.909" level="INFO">${MMTAssuredImage} = css=#Listing_hotel_0 img[src*="mmtAssured.png"]</msg>
<status status="PASS" starttime="20200807 19:55:56.909" endtime="20200807 19:55:56.909"></status>
</kw>
<kw name="Element Should Be Visible" library="Selenium2Library">
<doc>Verifies that the element identified by ``locator`` is visible.</doc>
<arguments>
<arg>${MMTAssuredImage}</arg>
</arguments>
<msg timestamp="20200807 19:55:56.939" level="INFO">Element 'css=#Listing_hotel_0 img[src*="mmtAssured.png"]' is displayed.</msg>
<status status="PASS" starttime="20200807 19:55:56.909" endtime="20200807 19:55:56.939"></status>
</kw>
<kw name="Replace String" library="String">
<doc>Replaces ``search_for`` in the given ``string`` with ``replace_with``.</doc>
<arguments>
<arg>${MMTAssuredImage}</arg>
<arg>${row}</arg>
<arg>ROW</arg>
</arguments>
<assign>
<var>${MMTAssuredImage}</var>
</assign>
<msg timestamp="20200807 19:55:56.939" level="INFO">${MMTAssuredImage} = css=#Listing_hotel_ROW img[src*="mmtAssured.png"]</msg>
<status status="PASS" starttime="20200807 19:55:56.939" endtime="20200807 19:55:56.939"></status>
</kw>
<status status="PASS" starttime="20200807 19:55:56.864" endtime="20200807 19:55:56.939"></status>
</kw>
<status status="PASS" starttime="20200807 19:55:56.864" endtime="20200807 19:55:56.939"></status>
</kw>
<kw name="Evaluate" library="BuiltIn">
<doc>Evaluates the given expression in Python and returns the results.</doc>
<arguments>
<arg>${singleHotel}+1</arg>
</arguments>
<assign>
<var>${singleHotel}</var>
</assign>
<msg timestamp="20200807 19:55:56.940" level="INFO">${singleHotel} = 1</msg>
<status status="PASS" starttime="20200807 19:55:56.940" endtime="20200807 19:55:56.940"></status>
</kw>
<kw name="Replace String" library="String">
<doc>Replaces ``search_for`` in the given ``string`` with ``replace_with``.</doc>
<arguments>
<arg>${CheckDesti}</arg>
<arg>${row}</arg>
<arg>ROW</arg>
</arguments>
<assign>
<var>${CheckDesti}</var>
</assign>
<msg timestamp="20200807 19:55:56.940" level="INFO">${CheckDesti} = css=#Listing_hotel_ROW</msg>
<status status="PASS" starttime="20200807 19:55:56.940" endtime="20200807 19:55:56.940"></status>
</kw>
<status status="PASS" starttime="20200807 19:55:56.395" endtime="20200807 19:55:56.940"></status>
</kw>
<kw name="${singleHotel} = 1" type="foritem">
<kw name="Convert To String" library="BuiltIn">
<doc>Converts the given item to a Unicode string.</doc>
<arguments>
<arg>${singleHotel}</arg>
</arguments>
<assign>
<var>${row}</var>
</assign>
<msg timestamp="20200807 19:55:56.941" level="INFO">${row} = 1</msg>
<status status="PASS" starttime="20200807 19:55:56.941" endtime="20200807 19:55:56.942"></status>
</kw>
<kw name="Replace String" library="String">
<doc>Replaces ``search_for`` in the given ``string`` with ``replace_with``.</doc>
<arguments>
<arg>${CheckDesti}</arg>
<arg>ROW</arg>
<arg>${row}</arg>
</arguments>
<assign>
<var>${CheckDesti}</var>
</assign>
<msg timestamp="20200807 19:55:56.943" level="INFO">${CheckDesti} = css=#Listing_hotel_1</msg>
<status status="PASS" starttime="20200807 19:55:56.942" endtime="20200807 19:55:56.943"></status>
</kw>
<kw name="Run Keyword And Return Status" library="BuiltIn">
<doc>Runs the given keyword with given arguments and returns the status as a Boolean value.</doc>
<arguments>
<arg>Element Should Contain</arg>
<arg>${CheckDesti}</arg>
<arg>${FiltersList["${value}"]}</arg>
</arguments>
<assign>
<var>${status}</var>
</assign>
<kw name="Element Should Contain" library="Selenium2Library">
<doc>Verifies that element ``locator`` contains text ``expected``.</doc>
<arguments>
<arg>${CheckDesti}</arg>
<arg>${FiltersList["${value}"]}</arg>
</arguments>
<kw name="Capture Page Screenshot" library="Selenium2Library">
<doc>Takes a screenshot of the current page and embeds it into a log file.</doc>
<msg timestamp="20200807 19:55:57.386" level="INFO" html="yes">&lt;/td&gt;&lt;/tr&gt;&lt;tr&gt;&lt;td colspan="3"&gt;&lt;a href="selenium-screenshot-541.png"&gt;&lt;img src="selenium-screenshot-541.png" width="800px"&gt;&lt;/a&gt;</msg>
<status status="PASS" starttime="20200807 19:55:57.167" endtime="20200807 19:55:57.387"></status>
</kw>
<msg timestamp="20200807 19:55:57.388" level="FAIL">Element 'css=#Listing_hotel_1' should have contained text 'MMT Assured' but its text was 'RESORT
The Palms Beach Resort
Near Diu Airport | 7.2 km from city centre
1.4 km from Diu Airport (DIU)
4.1/5
144 RATINGS
Doctor on Call
Free Parking
Restaurant
More Options: Breakfast Included
Save INR 503
19%
INR2,600
INR2,097
Per night
Login to get it @ INR2,071 or less'.</msg>
<status status="FAIL" starttime="20200807 19:55:56.944" endtime="20200807 19:55:57.388"></status>
</kw>
<msg timestamp="20200807 19:55:57.388" level="INFO">${status} = False</msg>
<status status="PASS" starttime="20200807 19:55:56.943" endtime="20200807 19:55:57.388"></status>
</kw>
<kw name="Run Keyword And Return Status" library="BuiltIn">
<doc>Runs the given keyword with given arguments and returns the status as a Boolean value.</doc>
<arguments>
<arg>Keyword Should Exist</arg>
<arg>Check Image Of "${value}" Popular Filter</arg>
</arguments>
<assign>
<var>${status1}</var>
</assign>
<kw name="Keyword Should Exist" library="BuiltIn">
<doc>Fails unless the given keyword exists in the current scope.</doc>
<arguments>
<arg>Check Image Of "${value}" Popular Filter</arg>
</arguments>
<status status="PASS" starttime="20200807 19:55:57.389" endtime="20200807 19:55:57.389"></status>
</kw>
<msg timestamp="20200807 19:55:57.389" level="INFO">${status1} = True</msg>
<status status="PASS" starttime="20200807 19:55:57.388" endtime="20200807 19:55:57.389"></status>
</kw>
<kw name="Run Keyword If" library="BuiltIn">
<doc>Runs the given keyword with the given arguments, if ``condition`` is true.</doc>
<arguments>
<arg>${status1}==True</arg>
<arg>Check Image Of "${value}" Popular Filter</arg>
<arg>${row}</arg>
<arg>${value}</arg>
<arg>ELSE IF</arg>
<arg>${status}==True</arg>
<arg>Element Should Contain</arg>
<arg>${CheckDesti}</arg>
<arg>${FiltersList["${value}"]}</arg>
<arg>ELSE IF</arg>
<arg>${status1}==False and ${status}==False</arg>
<arg>Check Only Filter Hotels</arg>
</arguments>
<kw name="Check Image Of &quot;MMT Assured&quot; Popular Filter">
<arguments>
<arg>${row}</arg>
<arg>${value}</arg>
</arguments>
<kw name="Wait Until Element Is Visible" library="Selenium2Library">
<doc>Waits until the element ``locator`` is visible.</doc>
<arguments>
<arg>${HotelsLists}</arg>
</arguments>
<status status="PASS" starttime="20200807 19:55:57.390" endtime="20200807 19:55:57.420"></status>
</kw>
<kw name="Replace String" library="String">
<doc>Replaces ``search_for`` in the given ``string`` with ``replace_with``.</doc>
<arguments>
<arg>${MMTAssuredImage}</arg>
<arg>ROW</arg>
<arg>${row}</arg>
</arguments>
<assign>
<var>${MMTAssuredImage}</var>
</assign>
<msg timestamp="20200807 19:55:57.421" level="INFO">${MMTAssuredImage} = css=#Listing_hotel_1 img[src*="mmtAssured.png"]</msg>
<status status="PASS" starttime="20200807 19:55:57.421" endtime="20200807 19:55:57.421"></status>
</kw>
<kw name="Element Should Be Visible" library="Selenium2Library">
<doc>Verifies that the element identified by ``locator`` is visible.</doc>
<arguments>
<arg>${MMTAssuredImage}</arg>
</arguments>
<msg timestamp="20200807 19:55:57.447" level="INFO">Element 'css=#Listing_hotel_1 img[src*="mmtAssured.png"]' is displayed.</msg>
<status status="PASS" starttime="20200807 19:55:57.421" endtime="20200807 19:55:57.447"></status>
</kw>
<kw name="Replace String" library="String">
<doc>Replaces ``search_for`` in the given ``string`` with ``replace_with``.</doc>
<arguments>
<arg>${MMTAssuredImage}</arg>
<arg>${row}</arg>
<arg>ROW</arg>
</arguments>
<assign>
<var>${MMTAssuredImage}</var>
</assign>
<msg timestamp="20200807 19:55:57.448" level="INFO">${MMTAssuredImage} = css=#Listing_hotel_ROW img[src*="mmtAssured.png"]</msg>
<status status="PASS" starttime="20200807 19:55:57.447" endtime="20200807 19:55:57.448"></status>
</kw>
<status status="PASS" starttime="20200807 19:55:57.390" endtime="20200807 19:55:57.448"></status>
</kw>
<status status="PASS" starttime="20200807 19:55:57.389" endtime="20200807 19:55:57.448"></status>
</kw>
<kw name="Evaluate" library="BuiltIn">
<doc>Evaluates the given expression in Python and returns the results.</doc>
<arguments>
<arg>${singleHotel}+1</arg>
</arguments>
<assign>
<var>${singleHotel}</var>
</assign>
<msg timestamp="20200807 19:55:57.448" level="INFO">${singleHotel} = 2</msg>
<status status="PASS" starttime="20200807 19:55:57.448" endtime="20200807 19:55:57.449"></status>
</kw>
<kw name="Replace String" library="String">
<doc>Replaces ``search_for`` in the given ``string`` with ``replace_with``.</doc>
<arguments>
<arg>${CheckDesti}</arg>
<arg>${row}</arg>
<arg>ROW</arg>
</arguments>
<assign>
<var>${CheckDesti}</var>
</assign>
<msg timestamp="20200807 19:55:57.449" level="INFO">${CheckDesti} = css=#Listing_hotel_ROW</msg>
<status status="PASS" starttime="20200807 19:55:57.449" endtime="20200807 19:55:57.449"></status>
</kw>
<status status="PASS" starttime="20200807 19:55:56.940" endtime="20200807 19:55:57.449"></status>
</kw>
<kw name="${singleHotel} = 2" type="foritem">
<kw name="Convert To String" library="BuiltIn">
<doc>Converts the given item to a Unicode string.</doc>
<arguments>
<arg>${singleHotel}</arg>
</arguments>
<assign>
<var>${row}</var>
</assign>
<msg timestamp="20200807 19:55:57.450" level="INFO">${row} = 2</msg>
<status status="PASS" starttime="20200807 19:55:57.449" endtime="20200807 19:55:57.450"></status>
</kw>
<kw name="Replace String" library="String">
<doc>Replaces ``search_for`` in the given ``string`` with ``replace_with``.</doc>
<arguments>
<arg>${CheckDesti}</arg>
<arg>ROW</arg>
<arg>${row}</arg>
</arguments>
<assign>
<var>${CheckDesti}</var>
</assign>
<msg timestamp="20200807 19:55:57.450" level="INFO">${CheckDesti} = css=#Listing_hotel_2</msg>
<status status="PASS" starttime="20200807 19:55:57.450" endtime="20200807 19:55:57.450"></status>
</kw>
<kw name="Run Keyword And Return Status" library="BuiltIn">
<doc>Runs the given keyword with given arguments and returns the status as a Boolean value.</doc>
<arguments>
<arg>Element Should Contain</arg>
<arg>${CheckDesti}</arg>
<arg>${FiltersList["${value}"]}</arg>
</arguments>
<assign>
<var>${status}</var>
</assign>
<kw name="Element Should Contain" library="Selenium2Library">
<doc>Verifies that element ``locator`` contains text ``expected``.</doc>
<arguments>
<arg>${CheckDesti}</arg>
<arg>${FiltersList["${value}"]}</arg>
</arguments>
<kw name="Capture Page Screenshot" library="Selenium2Library">
<doc>Takes a screenshot of the current page and embeds it into a log file.</doc>
<msg timestamp="20200807 19:55:57.894" level="INFO" html="yes">&lt;/td&gt;&lt;/tr&gt;&lt;tr&gt;&lt;td colspan="3"&gt;&lt;a href="selenium-screenshot-542.png"&gt;&lt;img src="selenium-screenshot-542.png" width="800px"&gt;&lt;/a&gt;</msg>
<status status="PASS" starttime="20200807 19:55:57.675" endtime="20200807 19:55:57.895"></status>
</kw>
<msg timestamp="20200807 19:55:57.896" level="FAIL">Element 'css=#Listing_hotel_2' should have contained text 'MMT Assured' but its text was 'Hotel Matangi
12.2 km from city centre
13.0 km from Diu Fort
4.3/5
15 RATINGS
Room Service
Power Backup
Air Conditioning
More Options: Breakfast Included
INCLUDED IN THIS PRICE
Free Cancellation
Save INR 253
15%
INR1,700
INR1,447
Per night
Login to get it @ INR1,430 or less'.</msg>
<status status="FAIL" starttime="20200807 19:55:57.451" endtime="20200807 19:55:57.896"></status>
</kw>
<msg timestamp="20200807 19:55:57.896" level="INFO">${status} = False</msg>
<status status="PASS" starttime="20200807 19:55:57.450" endtime="20200807 19:55:57.896"></status>
</kw>
<kw name="Run Keyword And Return Status" library="BuiltIn">
<doc>Runs the given keyword with given arguments and returns the status as a Boolean value.</doc>
<arguments>
<arg>Keyword Should Exist</arg>
<arg>Check Image Of "${value}" Popular Filter</arg>
</arguments>
<assign>
<var>${status1}</var>
</assign>
<kw name="Keyword Should Exist" library="BuiltIn">
<doc>Fails unless the given keyword exists in the current scope.</doc>
<arguments>
<arg>Check Image Of "${value}" Popular Filter</arg>
</arguments>
<status status="PASS" starttime="20200807 19:55:57.897" endtime="20200807 19:55:57.897"></status>
</kw>
<msg timestamp="20200807 19:55:57.898" level="INFO">${status1} = True</msg>
<status status="PASS" starttime="20200807 19:55:57.896" endtime="20200807 19:55:57.898"></status>
</kw>
<kw name="Run Keyword If" library="BuiltIn">
<doc>Runs the given keyword with the given arguments, if ``condition`` is true.</doc>
<arguments>
<arg>${status1}==True</arg>
<arg>Check Image Of "${value}" Popular Filter</arg>
<arg>${row}</arg>
<arg>${value}</arg>
<arg>ELSE IF</arg>
<arg>${status}==True</arg>
<arg>Element Should Contain</arg>
<arg>${CheckDesti}</arg>
<arg>${FiltersList["${value}"]}</arg>
<arg>ELSE IF</arg>
<arg>${status1}==False and ${status}==False</arg>
<arg>Check Only Filter Hotels</arg>
</arguments>
<kw name="Check Image Of &quot;MMT Assured&quot; Popular Filter">
<arguments>
<arg>${row}</arg>
<arg>${value}</arg>
</arguments>
<kw name="Wait Until Element Is Visible" library="Selenium2Library">
<doc>Waits until the element ``locator`` is visible.</doc>
<arguments>
<arg>${HotelsLists}</arg>
</arguments>
<status status="PASS" starttime="20200807 19:55:57.899" endtime="20200807 19:55:57.926"></status>
</kw>
<kw name="Replace String" library="String">
<doc>Replaces ``search_for`` in the given ``string`` with ``replace_with``.</doc>
<arguments>
<arg>${MMTAssuredImage}</arg>
<arg>ROW</arg>
<arg>${row}</arg>
</arguments>
<assign>
<var>${MMTAssuredImage}</var>
</assign>
<msg timestamp="20200807 19:55:57.926" level="INFO">${MMTAssuredImage} = css=#Listing_hotel_2 img[src*="mmtAssured.png"]</msg>
<status status="PASS" starttime="20200807 19:55:57.926" endtime="20200807 19:55:57.926"></status>
</kw>
<kw name="Element Should Be Visible" library="Selenium2Library">
<doc>Verifies that the element identified by ``locator`` is visible.</doc>
<arguments>
<arg>${MMTAssuredImage}</arg>
</arguments>
<msg timestamp="20200807 19:55:57.961" level="INFO">Element 'css=#Listing_hotel_2 img[src*="mmtAssured.png"]' is displayed.</msg>
<status status="PASS" starttime="20200807 19:55:57.927" endtime="20200807 19:55:57.961"></status>
</kw>
<kw name="Replace String" library="String">
<doc>Replaces ``search_for`` in the given ``string`` with ``replace_with``.</doc>
<arguments>
<arg>${MMTAssuredImage}</arg>
<arg>${row}</arg>
<arg>ROW</arg>
</arguments>
<assign>
<var>${MMTAssuredImage}</var>
</assign>
<msg timestamp="20200807 19:55:57.962" level="INFO">${MMTAssuredImage} = css=#Listing_hotel_ROW img[src*="mmtAssured.png"]</msg>
<status status="PASS" starttime="20200807 19:55:57.961" endtime="20200807 19:55:57.962"></status>
</kw>
<status status="PASS" starttime="20200807 19:55:57.899" endtime="20200807 19:55:57.962"></status>
</kw>
<status status="PASS" starttime="20200807 19:55:57.898" endtime="20200807 19:55:57.962"></status>
</kw>
<kw name="Evaluate" library="BuiltIn">
<doc>Evaluates the given expression in Python and returns the results.</doc>
<arguments>
<arg>${singleHotel}+1</arg>
</arguments>
<assign>
<var>${singleHotel}</var>
</assign>
<msg timestamp="20200807 19:55:57.962" level="INFO">${singleHotel} = 3</msg>
<status status="PASS" starttime="20200807 19:55:57.962" endtime="20200807 19:55:57.963"></status>
</kw>
<kw name="Replace String" library="String">
<doc>Replaces ``search_for`` in the given ``string`` with ``replace_with``.</doc>
<arguments>
<arg>${CheckDesti}</arg>
<arg>${row}</arg>
<arg>ROW</arg>
</arguments>
<assign>
<var>${CheckDesti}</var>
</assign>
<msg timestamp="20200807 19:55:57.963" level="INFO">${CheckDesti} = css=#Listing_hotel_ROW</msg>
<status status="PASS" starttime="20200807 19:55:57.963" endtime="20200807 19:55:57.963"></status>
</kw>
<status status="PASS" starttime="20200807 19:55:57.449" endtime="20200807 19:55:57.963"></status>
</kw>
<status status="PASS" starttime="20200807 19:55:56.395" endtime="20200807 19:55:57.963"></status>
</kw>
<kw name="Click Element" library="Selenium2Library">
<doc>Click the element identified by ``locator``.</doc>
<arguments>
<arg>${AppliedFilterCancelMark}</arg>
</arguments>
<msg timestamp="20200807 19:55:57.963" level="INFO">Clicking element 'css=.appliedFilters li:nth-child(1) a'.</msg>
<status status="PASS" starttime="20200807 19:55:57.963" endtime="20200807 19:55:58.296"></status>
</kw>
<kw name="Sleep" library="BuiltIn">
<doc>Pauses the test executed for the given time.</doc>
<arguments>
<arg>5s</arg>
</arguments>
<msg timestamp="20200807 19:56:03.298" level="INFO">Slept 5 seconds</msg>
<status status="PASS" starttime="20200807 19:55:58.297" endtime="20200807 19:56:03.299"></status>
</kw>
<status status="PASS" starttime="20200807 19:55:55.742" endtime="20200807 19:56:03.299"></status>
</kw>
<status status="PASS" starttime="20200807 19:55:55.742" endtime="20200807 19:56:03.299"></status>
</kw>
<kw name="Replace String" library="String">
<doc>Replaces ``search_for`` in the given ``string`` with ``replace_with``.</doc>
<arguments>
<arg>${FilterNum}</arg>
<arg>${num}</arg>
<arg>FILTERNUM</arg>
</arguments>
<assign>
<var>${FilterNum}</var>
</assign>
<msg timestamp="20200807 19:56:03.301" level="INFO">${FilterNum} = css=div[id*='popular_filters'] ul li:nth-child(FILTERNUM)</msg>
<status status="PASS" starttime="20200807 19:56:03.300" endtime="20200807 19:56:03.301"></status>
</kw>
<kw name="Replace String" library="String">
<doc>Replaces ``search_for`` in the given ``string`` with ``replace_with``.</doc>
<arguments>
<arg>${FilterValue}</arg>
<arg>${num}</arg>
<arg>FILTERNUM</arg>
</arguments>
<assign>
<var>${FilterValue}</var>
</assign>
<msg timestamp="20200807 19:56:03.303" level="INFO">${FilterValue} = css=div[id*='popular_filters'] ul li:nth-child(FILTERNUM) label</msg>
<status status="PASS" starttime="20200807 19:56:03.302" endtime="20200807 19:56:03.303"></status>
</kw>
<kw name="Evaluate" library="BuiltIn">
<doc>Evaluates the given expression in Python and returns the results.</doc>
<arguments>
<arg>${filter}+1</arg>
</arguments>
<assign>
<var>${filter}</var>
</assign>
<msg timestamp="20200807 19:56:03.305" level="INFO">${filter} = 3</msg>
<status status="PASS" starttime="20200807 19:56:03.304" endtime="20200807 19:56:03.305"></status>
</kw>
<status status="PASS" starttime="20200807 19:55:55.222" endtime="20200807 19:56:03.305"></status>
</kw>
<kw name="${filter} = 3" type="foritem">
<kw name="Convert To String" library="BuiltIn">
<doc>Converts the given item to a Unicode string.</doc>
<arguments>
<arg>${filter}</arg>
</arguments>
<assign>
<var>${num}</var>
</assign>
<msg timestamp="20200807 19:56:03.307" level="INFO">${num} = 3</msg>
<status status="PASS" starttime="20200807 19:56:03.306" endtime="20200807 19:56:03.307"></status>
</kw>
<kw name="Log" library="BuiltIn">
<doc>Logs the given message with the given level.</doc>
<arguments>
<arg>${FilterNum}</arg>
</arguments>
<msg timestamp="20200807 19:56:03.308" level="INFO">css=div[id*='popular_filters'] ul li:nth-child(FILTERNUM)</msg>
<status status="PASS" starttime="20200807 19:56:03.308" endtime="20200807 19:56:03.310"></status>
</kw>
<kw name="Replace String" library="String">
<doc>Replaces ``search_for`` in the given ``string`` with ``replace_with``.</doc>
<arguments>
<arg>${FilterNum}</arg>
<arg>FILTERNUM</arg>
<arg>${num}</arg>
</arguments>
<assign>
<var>${Filter_Num}</var>
</assign>
<msg timestamp="20200807 19:56:03.311" level="INFO">${Filter_Num} = css=div[id*='popular_filters'] ul li:nth-child(3)</msg>
<status status="PASS" starttime="20200807 19:56:03.310" endtime="20200807 19:56:03.311"></status>
</kw>
<kw name="Replace String" library="String">
<doc>Replaces ``search_for`` in the given ``string`` with ``replace_with``.</doc>
<arguments>
<arg>${FilterValue}</arg>
<arg>FILTERNUM</arg>
<arg>${num}</arg>
</arguments>
<assign>
<var>${Filter_Value}</var>
</assign>
<msg timestamp="20200807 19:56:03.313" level="INFO">${Filter_Value} = css=div[id*='popular_filters'] ul li:nth-child(3) label</msg>
<status status="PASS" starttime="20200807 19:56:03.312" endtime="20200807 19:56:03.313"></status>
</kw>
<kw name="Log" library="BuiltIn">
<doc>Logs the given message with the given level.</doc>
<arguments>
<arg>${Filter_Num}</arg>
</arguments>
<msg timestamp="20200807 19:56:03.314" level="INFO">css=div[id*='popular_filters'] ul li:nth-child(3)</msg>
<status status="PASS" starttime="20200807 19:56:03.314" endtime="20200807 19:56:03.315"></status>
</kw>
<kw name="Log" library="BuiltIn">
<doc>Logs the given message with the given level.</doc>
<arguments>
<arg>${Filter_Value}</arg>
</arguments>
<msg timestamp="20200807 19:56:03.316" level="INFO">css=div[id*='popular_filters'] ul li:nth-child(3) label</msg>
<status status="PASS" starttime="20200807 19:56:03.315" endtime="20200807 19:56:03.316"></status>
</kw>
<kw name="Get Text" library="Selenium2Library">
<doc>Returns the text value of the element identified by ``locator``.</doc>
<arguments>
<arg>${Filter_Value}</arg>
</arguments>
<assign>
<var>${value}</var>
</assign>
<msg timestamp="20200807 19:56:03.348" level="INFO">${value} = MySafety - Safe and Hygienic Stays</msg>
<status status="PASS" starttime="20200807 19:56:03.316" endtime="20200807 19:56:03.348"></status>
</kw>
<kw name="Click Element" library="Selenium2Library">
<doc>Click the element identified by ``locator``.</doc>
<arguments>
<arg>${Filter_Num}</arg>
</arguments>
<msg timestamp="20200807 19:56:03.349" level="INFO">Clicking element 'css=div[id*='popular_filters'] ul li:nth-child(3)'.</msg>
<status status="PASS" starttime="20200807 19:56:03.348" endtime="20200807 19:56:03.765"></status>
</kw>
<kw name="Run Keyword And Return Status" library="BuiltIn">
<doc>Runs the given keyword with given arguments and returns the status as a Boolean value.</doc>
<arguments>
<arg>Element Should Contain</arg>
<arg>${AppliedSection}</arg>
<arg>${value}</arg>
</arguments>
<assign>
<var>${status}</var>
</assign>
<kw name="Element Should Contain" library="Selenium2Library">
<doc>Verifies that element ``locator`` contains text ``expected``.</doc>
<arguments>
<arg>${AppliedSection}</arg>
<arg>${value}</arg>
</arguments>
<msg timestamp="20200807 19:56:03.787" level="INFO">Element 'css=.appliedFilters' contains text 'MySafety - Safe and Hygienic Stays'.</msg>
<status status="PASS" starttime="20200807 19:56:03.766" endtime="20200807 19:56:03.787"></status>
</kw>
<msg timestamp="20200807 19:56:03.787" level="INFO">${status} = True</msg>
<status status="PASS" starttime="20200807 19:56:03.766" endtime="20200807 19:56:03.787"></status>
</kw>
<kw name="Run Keyword If" library="BuiltIn">
<doc>Runs the given keyword with the given arguments, if ``condition`` is true.</doc>
<arguments>
<arg>${status}==True</arg>
<arg>Check Hotels According To "${selectFilterValue} Filter" For Destination</arg>
<arg>${filter}</arg>
<arg>${FiltersList}</arg>
<arg>${Filter_Num}</arg>
<arg>${value}</arg>
</arguments>
<kw name="Check Hotels According To &quot;Popular Filter&quot; For Destination">
<arguments>
<arg>${filter}</arg>
<arg>${FiltersList}</arg>
<arg>${Filter_Num}</arg>
<arg>${value}</arg>
</arguments>
<kw name="Wait Until Element Is Visible" library="Selenium2Library">
<doc>Waits until the element ``locator`` is visible.</doc>
<arguments>
<arg>${HotelsLists}</arg>
</arguments>
<status status="PASS" starttime="20200807 19:56:03.789" endtime="20200807 19:56:04.260"></status>
</kw>
<kw name="Get Element Count" library="Selenium2Library">
<doc>Returns the number of elements matching ``locator``.</doc>
<arguments>
<arg>${HotelsLists}</arg>
</arguments>
<assign>
<var>${countHotels}</var>
</assign>
<msg timestamp="20200807 19:56:04.266" level="INFO">${countHotels} = 4</msg>
<status status="PASS" starttime="20200807 19:56:04.261" endtime="20200807 19:56:04.266"></status>
</kw>
<kw name="${singleHotel} IN RANGE [ 0 | ${countHotels} ]" type="for">
<kw name="${singleHotel} = 0" type="foritem">
<kw name="Convert To String" library="BuiltIn">
<doc>Converts the given item to a Unicode string.</doc>
<arguments>
<arg>${singleHotel}</arg>
</arguments>
<assign>
<var>${row}</var>
</assign>
<msg timestamp="20200807 19:56:04.268" level="INFO">${row} = 0</msg>
<status status="PASS" starttime="20200807 19:56:04.267" endtime="20200807 19:56:04.268"></status>
</kw>
<kw name="Replace String" library="String">
<doc>Replaces ``search_for`` in the given ``string`` with ``replace_with``.</doc>
<arguments>
<arg>${CheckDesti}</arg>
<arg>ROW</arg>
<arg>${row}</arg>
</arguments>
<assign>
<var>${CheckDesti}</var>
</assign>
<msg timestamp="20200807 19:56:04.269" level="INFO">${CheckDesti} = css=#Listing_hotel_0</msg>
<status status="PASS" starttime="20200807 19:56:04.269" endtime="20200807 19:56:04.269"></status>
</kw>
<kw name="Run Keyword And Return Status" library="BuiltIn">
<doc>Runs the given keyword with given arguments and returns the status as a Boolean value.</doc>
<arguments>
<arg>Element Should Contain</arg>
<arg>${CheckDesti}</arg>
<arg>${FiltersList["${value}"]}</arg>
</arguments>
<assign>
<var>${status}</var>
</assign>
<kw name="Element Should Contain" library="Selenium2Library">
<doc>Verifies that element ``locator`` contains text ``expected``.</doc>
<arguments>
<arg>${CheckDesti}</arg>
<arg>${FiltersList["${value}"]}</arg>
</arguments>
<kw name="Capture Page Screenshot" library="Selenium2Library">
<doc>Takes a screenshot of the current page and embeds it into a log file.</doc>
<msg timestamp="20200807 19:56:04.729" level="INFO" html="yes">&lt;/td&gt;&lt;/tr&gt;&lt;tr&gt;&lt;td colspan="3"&gt;&lt;a href="selenium-screenshot-543.png"&gt;&lt;img src="selenium-screenshot-543.png" width="800px"&gt;&lt;/a&gt;</msg>
<status status="PASS" starttime="20200807 19:56:04.490" endtime="20200807 19:56:04.729"></status>
</kw>
<msg timestamp="20200807 19:56:04.731" level="FAIL">Element 'css=#Listing_hotel_0' should have contained text 'MySafety - Safe and Hygienic Stays' but its text was 'RESORT
Kohinoor Hotel
3.0 km from Diu Fort
3.8/5
768 RATINGS
Doctor on Call
Free Parking
Restaurant
More Options: Breakfast Included
Save INR 835
15%
INR5,601
INR4,766
Per night
Login to get it @ INR4,710 or less'.</msg>
<status status="FAIL" starttime="20200807 19:56:04.270" endtime="20200807 19:56:04.731"></status>
</kw>
<msg timestamp="20200807 19:56:04.732" level="INFO">${status} = False</msg>
<status status="PASS" starttime="20200807 19:56:04.270" endtime="20200807 19:56:04.732"></status>
</kw>
<kw name="Run Keyword And Return Status" library="BuiltIn">
<doc>Runs the given keyword with given arguments and returns the status as a Boolean value.</doc>
<arguments>
<arg>Keyword Should Exist</arg>
<arg>Check Image Of "${value}" Popular Filter</arg>
</arguments>
<assign>
<var>${status1}</var>
</assign>
<kw name="Keyword Should Exist" library="BuiltIn">
<doc>Fails unless the given keyword exists in the current scope.</doc>
<arguments>
<arg>Check Image Of "${value}" Popular Filter</arg>
</arguments>
<status status="PASS" starttime="20200807 19:56:04.733" endtime="20200807 19:56:04.733"></status>
</kw>
<msg timestamp="20200807 19:56:04.733" level="INFO">${status1} = True</msg>
<status status="PASS" starttime="20200807 19:56:04.732" endtime="20200807 19:56:04.733"></status>
</kw>
<kw name="Run Keyword If" library="BuiltIn">
<doc>Runs the given keyword with the given arguments, if ``condition`` is true.</doc>
<arguments>
<arg>${status1}==True</arg>
<arg>Check Image Of "${value}" Popular Filter</arg>
<arg>${row}</arg>
<arg>${value}</arg>
<arg>ELSE IF</arg>
<arg>${status}==True</arg>
<arg>Element Should Contain</arg>
<arg>${CheckDesti}</arg>
<arg>${FiltersList["${value}"]}</arg>
<arg>ELSE IF</arg>
<arg>${status1}==False and ${status}==False</arg>
<arg>Check Only Filter Hotels</arg>
</arguments>
<kw name="Check Image Of &quot;MySafety - Safe and Hygienic Stays&quot; Popular Filter">
<arguments>
<arg>${row}</arg>
<arg>${value}</arg>
</arguments>
<kw name="Wait Until Element Is Visible" library="Selenium2Library">
<doc>Waits until the element ``locator`` is visible.</doc>
<arguments>
<arg>${HotelsLists}</arg>
</arguments>
<status status="PASS" starttime="20200807 19:56:04.736" endtime="20200807 19:56:04.762"></status>
</kw>
<kw name="Replace String" library="String">
<doc>Replaces ``search_for`` in the given ``string`` with ``replace_with``.</doc>
<arguments>
<arg>${MySafetyImage}</arg>
<arg>ROW</arg>
<arg>${row}</arg>
</arguments>
<assign>
<var>${MySafetyImage}</var>
</assign>
<msg timestamp="20200807 19:56:04.763" level="INFO">${MySafetyImage} = css=#Listing_hotel_0 img[src*="safe.png"]</msg>
<status status="PASS" starttime="20200807 19:56:04.762" endtime="20200807 19:56:04.763"></status>
</kw>
[...]
<arguments>
<arg>${Filter_Value}</arg>
</arguments>
<msg timestamp="20200807 19:59:41.823" level="INFO">css=div[id*='facility'] ul li:nth-child(19) label</msg>
<status status="PASS" starttime="20200807 19:59:41.823" endtime="20200807 19:59:41.824"></status>
</kw>
<kw name="Get Text" library="Selenium2Library">
<doc>Returns the text value of the element identified by ``locator``.</doc>
<arguments>
<arg>${Filter_Value}</arg>
</arguments>
<assign>
<var>${value}</var>
</assign>
<msg timestamp="20200807 19:59:41.849" level="INFO">${value} = Barbeque</msg>
<status status="PASS" starttime="20200807 19:59:41.824" endtime="20200807 19:59:41.849"></status>
</kw>
<kw name="Click Element" library="Selenium2Library">
<doc>Click the element identified by ``locator``.</doc>
<arguments>
<arg>${Filter_Num}</arg>
</arguments>
<msg timestamp="20200807 19:59:41.850" level="INFO">Clicking element 'css=div[id*='facility'] ul li:nth-child(19)'.</msg>
<status status="PASS" starttime="20200807 19:59:41.849" endtime="20200807 19:59:42.195"></status>
</kw>
<kw name="Run Keyword And Return Status" library="BuiltIn">
<doc>Runs the given keyword with given arguments and returns the status as a Boolean value.</doc>
<arguments>
<arg>Element Should Contain</arg>
<arg>${AppliedSection}</arg>
<arg>${value}</arg>
</arguments>
<assign>
<var>${status}</var>
</assign>
<kw name="Element Should Contain" library="Selenium2Library">
<doc>Verifies that element ``locator`` contains text ``expected``.</doc>
<arguments>
<arg>${AppliedSection}</arg>
<arg>${value}</arg>
</arguments>
<kw name="Capture Page Screenshot" library="Selenium2Library">
<doc>Takes a screenshot of the current page and embeds it into a log file.</doc>
<msg timestamp="20200807 19:59:42.467" level="INFO" html="yes">&lt;/td&gt;&lt;/tr&gt;&lt;tr&gt;&lt;td colspan="3"&gt;&lt;a href="selenium-screenshot-575.png"&gt;&lt;img src="selenium-screenshot-575.png" width="800px"&gt;&lt;/a&gt;</msg>
<status status="PASS" starttime="20200807 19:59:42.211" endtime="20200807 19:59:42.467"></status>
</kw>
<msg timestamp="20200807 19:59:42.468" level="FAIL">Element with locator 'css=.appliedFilters' not found.</msg>
<status status="FAIL" starttime="20200807 19:59:42.197" endtime="20200807 19:59:42.468"></status>
</kw>
<msg timestamp="20200807 19:59:42.468" level="INFO">${status} = False</msg>
<status status="PASS" starttime="20200807 19:59:42.195" endtime="20200807 19:59:42.468"></status>
</kw>
<kw name="Run Keyword If" library="BuiltIn">
<doc>Runs the given keyword with the given arguments, if ``condition`` is true.</doc>
<arguments>
<arg>${status}==True</arg>
<arg>Check Hotels According To "${selectFilterValue} Filter" For Destination</arg>
<arg>${filter}</arg>
<arg>${FiltersList}</arg>
<arg>${Filter_Num}</arg>
<arg>${value}</arg>
</arguments>
<status status="PASS" starttime="20200807 19:59:42.468" endtime="20200807 19:59:42.469"></status>
</kw>
<kw name="Replace String" library="String">
<doc>Replaces ``search_for`` in the given ``string`` with ``replace_with``.</doc>
<arguments>
<arg>${FilterNum}</arg>
<arg>${num}</arg>
<arg>FILTERNUM</arg>
</arguments>
<assign>
<var>${FilterNum}</var>
</assign>
<msg timestamp="20200807 19:59:42.469" level="INFO">${FilterNum} = css=div[id*='facility'] ul li:nth-child(FILTERNUM)</msg>
<status status="PASS" starttime="20200807 19:59:42.469" endtime="20200807 19:59:42.469"></status>
</kw>
<kw name="Replace String" library="String">
<doc>Replaces ``search_for`` in the given ``string`` with ``replace_with``.</doc>
<arguments>
<arg>${FilterValue}</arg>
<arg>${num}</arg>
<arg>FILTERNUM</arg>
</arguments>
<assign>
<var>${FilterValue}</var>
</assign>
<msg timestamp="20200807 19:59:42.470" level="INFO">${FilterValue} = css=div[id*='facility'] ul li:nth-child(FILTERNUM) label</msg>
<status status="PASS" starttime="20200807 19:59:42.469" endtime="20200807 19:59:42.470"></status>
</kw>
<kw name="Evaluate" library="BuiltIn">
<doc>Evaluates the given expression in Python and returns the results.</doc>
<arguments>
<arg>${filter}+1</arg>
</arguments>
<assign>
<var>${filter}</var>
</assign>
<msg timestamp="20200807 19:59:42.470" level="INFO">${filter} = 20</msg>
<status status="PASS" starttime="20200807 19:59:42.470" endtime="20200807 19:59:42.470"></status>
</kw>
<status status="PASS" starttime="20200807 19:59:41.814" endtime="20200807 19:59:42.470"></status>
</kw>
<kw name="${filter} = 20" type="foritem">
<kw name="Convert To String" library="BuiltIn">
<doc>Converts the given item to a Unicode string.</doc>
<arguments>
<arg>${filter}</arg>
</arguments>
<assign>
<var>${num}</var>
</assign>
<msg timestamp="20200807 19:59:42.471" level="INFO">${num} = 20</msg>
<status status="PASS" starttime="20200807 19:59:42.470" endtime="20200807 19:59:42.471"></status>
</kw>
<kw name="Log" library="BuiltIn">
<doc>Logs the given message with the given level.</doc>
<arguments>
<arg>${FilterNum}</arg>
</arguments>
<msg timestamp="20200807 19:59:42.471" level="INFO">css=div[id*='facility'] ul li:nth-child(FILTERNUM)</msg>
<status status="PASS" starttime="20200807 19:59:42.471" endtime="20200807 19:59:42.471"></status>
</kw>
<kw name="Replace String" library="String">
<doc>Replaces ``search_for`` in the given ``string`` with ``replace_with``.</doc>
<arguments>
<arg>${FilterNum}</arg>
<arg>FILTERNUM</arg>
<arg>${num}</arg>
</arguments>
<assign>
<var>${Filter_Num}</var>
</assign>
<msg timestamp="20200807 19:59:42.472" level="INFO">${Filter_Num} = css=div[id*='facility'] ul li:nth-child(20)</msg>
<status status="PASS" starttime="20200807 19:59:42.471" endtime="20200807 19:59:42.472"></status>
</kw>
<kw name="Replace String" library="String">
<doc>Replaces ``search_for`` in the given ``string`` with ``replace_with``.</doc>
<arguments>
<arg>${FilterValue}</arg>
<arg>FILTERNUM</arg>
<arg>${num}</arg>
</arguments>
<assign>
<var>${Filter_Value}</var>
</assign>
<msg timestamp="20200807 19:59:42.472" level="INFO">${Filter_Value} = css=div[id*='facility'] ul li:nth-child(20) label</msg>
<status status="PASS" starttime="20200807 19:59:42.472" endtime="20200807 19:59:42.472"></status>
</kw>
<kw name="Log" library="BuiltIn">
<doc>Logs the given message with the given level.</doc>
<arguments>
<arg>${Filter_Num}</arg>
</arguments>
<msg timestamp="20200807 19:59:42.472" level="INFO">css=div[id*='facility'] ul li:nth-child(20)</msg>
<status status="PASS" starttime="20200807 19:59:42.472" endtime="20200807 19:59:42.473"></status>
</kw>
<kw name="Log" library="BuiltIn">
<doc>Logs the given message with the given level.</doc>
<arguments>
<arg>${Filter_Value}</arg>
</arguments>
<msg timestamp="20200807 19:59:42.473" level="INFO">css=div[id*='facility'] ul li:nth-child(20) label</msg>
<status status="PASS" starttime="20200807 19:59:42.473" endtime="20200807 19:59:42.473"></status>
</kw>
<kw name="Get Text" library="Selenium2Library">
<doc>Returns the text value of the element identified by ``locator``.</doc>
<arguments>
<arg>${Filter_Value}</arg>
</arguments>
<assign>
<var>${value}</var>
</assign>
<msg timestamp="20200807 19:59:42.489" level="INFO">${value} = Fireplace</msg>
<status status="PASS" starttime="20200807 19:59:42.473" endtime="20200807 19:59:42.489"></status>
</kw>
<kw name="Click Element" library="Selenium2Library">
<doc>Click the element identified by ``locator``.</doc>
<arguments>
<arg>${Filter_Num}</arg>
</arguments>
<msg timestamp="20200807 19:59:42.490" level="INFO">Clicking element 'css=div[id*='facility'] ul li:nth-child(20)'.</msg>
<status status="PASS" starttime="20200807 19:59:42.489" endtime="20200807 19:59:42.771"></status>
</kw>
<kw name="Run Keyword And Return Status" library="BuiltIn">
<doc>Runs the given keyword with given arguments and returns the status as a Boolean value.</doc>
<arguments>
<arg>Element Should Contain</arg>
<arg>${AppliedSection}</arg>
<arg>${value}</arg>
</arguments>
<assign>
<var>${status}</var>
</assign>
<kw name="Element Should Contain" library="Selenium2Library">
<doc>Verifies that element ``locator`` contains text ``expected``.</doc>
<arguments>
<arg>${AppliedSection}</arg>
<arg>${value}</arg>
</arguments>
<kw name="Capture Page Screenshot" library="Selenium2Library">
<doc>Takes a screenshot of the current page and embeds it into a log file.</doc>
<msg timestamp="20200807 19:59:43.031" level="INFO" html="yes">&lt;/td&gt;&lt;/tr&gt;&lt;tr&gt;&lt;td colspan="3"&gt;&lt;a href="selenium-screenshot-576.png"&gt;&lt;img src="selenium-screenshot-576.png" width="800px"&gt;&lt;/a&gt;</msg>
<status status="PASS" starttime="20200807 19:59:42.791" endtime="20200807 19:59:43.031"></status>
</kw>
<msg timestamp="20200807 19:59:43.032" level="FAIL">Element with locator 'css=.appliedFilters' not found.</msg>
<status status="FAIL" starttime="20200807 19:59:42.773" endtime="20200807 19:59:43.032"></status>
</kw>
<msg timestamp="20200807 19:59:43.032" level="INFO">${status} = False</msg>
<status status="PASS" starttime="20200807 19:59:42.772" endtime="20200807 19:59:43.032"></status>
</kw>
<kw name="Run Keyword If" library="BuiltIn">
<doc>Runs the given keyword with the given arguments, if ``condition`` is true.</doc>
<arguments>
<arg>${status}==True</arg>
<arg>Check Hotels According To "${selectFilterValue} Filter" For Destination</arg>
<arg>${filter}</arg>
<arg>${FiltersList}</arg>
<arg>${Filter_Num}</arg>
<arg>${value}</arg>
</arguments>
<status status="PASS" starttime="20200807 19:59:43.032" endtime="20200807 19:59:43.033"></status>
</kw>
<kw name="Replace String" library="String">
<doc>Replaces ``search_for`` in the given ``string`` with ``replace_with``.</doc>
<arguments>
<arg>${FilterNum}</arg>
<arg>${num}</arg>
<arg>FILTERNUM</arg>
</arguments>
<assign>
<var>${FilterNum}</var>
</assign>
<msg timestamp="20200807 19:59:43.033" level="INFO">${FilterNum} = css=div[id*='facility'] ul li:nth-child(FILTERNUM)</msg>
<status status="PASS" starttime="20200807 19:59:43.033" endtime="20200807 19:59:43.033"></status>
</kw>
<kw name="Replace String" library="String">
<doc>Replaces ``search_for`` in the given ``string`` with ``replace_with``.</doc>
<arguments>
<arg>${FilterValue}</arg>
<arg>${num}</arg>
<arg>FILTERNUM</arg>
</arguments>
<assign>
<var>${FilterValue}</var>
</assign>
<msg timestamp="20200807 19:59:43.034" level="INFO">${FilterValue} = css=div[id*='facility'] ul li:nth-child(FILTERNUM) label</msg>
<status status="PASS" starttime="20200807 19:59:43.033" endtime="20200807 19:59:43.034"></status>
</kw>
<kw name="Evaluate" library="BuiltIn">
<doc>Evaluates the given expression in Python and returns the results.</doc>
<arguments>
<arg>${filter}+1</arg>
</arguments>
<assign>
<var>${filter}</var>
</assign>
<msg timestamp="20200807 19:59:43.034" level="INFO">${filter} = 21</msg>
<status status="PASS" starttime="20200807 19:59:43.034" endtime="20200807 19:59:43.034"></status>
</kw>
<status status="PASS" starttime="20200807 19:59:42.470" endtime="20200807 19:59:43.034"></status>
</kw>
<kw name="${filter} = 21" type="foritem">
<kw name="Convert To String" library="BuiltIn">
<doc>Converts the given item to a Unicode string.</doc>
<arguments>
<arg>${filter}</arg>
</arguments>
<assign>
<var>${num}</var>
</assign>
<msg timestamp="20200807 19:59:43.035" level="INFO">${num} = 21</msg>
<status status="PASS" starttime="20200807 19:59:43.034" endtime="20200807 19:59:43.035"></status>
</kw>
<kw name="Log" library="BuiltIn">
<doc>Logs the given message with the given level.</doc>
<arguments>
<arg>${FilterNum}</arg>
</arguments>
<msg timestamp="20200807 19:59:43.035" level="INFO">css=div[id*='facility'] ul li:nth-child(FILTERNUM)</msg>
<status status="PASS" starttime="20200807 19:59:43.035" endtime="20200807 19:59:43.035"></status>
</kw>
<kw name="Replace String" library="String">
<doc>Replaces ``search_for`` in the given ``string`` with ``replace_with``.</doc>
<arguments>
<arg>${FilterNum}</arg>
<arg>FILTERNUM</arg>
<arg>${num}</arg>
</arguments>
<assign>
<var>${Filter_Num}</var>
</assign>
<msg timestamp="20200807 19:59:43.036" level="INFO">${Filter_Num} = css=div[id*='facility'] ul li:nth-child(21)</msg>
<status status="PASS" starttime="20200807 19:59:43.035" endtime="20200807 19:59:43.036"></status>
</kw>
<kw name="Replace String" library="String">
<doc>Replaces ``search_for`` in the given ``string`` with ``replace_with``.</doc>
<arguments>
<arg>${FilterValue}</arg>
<arg>FILTERNUM</arg>
<arg>${num}</arg>
</arguments>
<assign>
<var>${Filter_Value}</var>
</assign>
<msg timestamp="20200807 19:59:43.036" level="INFO">${Filter_Value} = css=div[id*='facility'] ul li:nth-child(21) label</msg>
<status status="PASS" starttime="20200807 19:59:43.036" endtime="20200807 19:59:43.036"></status>
</kw>
<kw name="Log" library="BuiltIn">
<doc>Logs the given message with the given level.</doc>
<arguments>
<arg>${Filter_Num}</arg>
</arguments>
<msg timestamp="20200807 19:59:43.036" level="INFO">css=div[id*='facility'] ul li:nth-child(21)</msg>
<status status="PASS" starttime="20200807 19:59:43.036" endtime="20200807 19:59:43.036"></status>
</kw>
<kw name="Log" library="BuiltIn">
<doc>Logs the given message with the given level.</doc>
<arguments>
<arg>${Filter_Value}</arg>
</arguments>
<msg timestamp="20200807 19:59:43.037" level="INFO">css=div[id*='facility'] ul li:nth-child(21) label</msg>
<status status="PASS" starttime="20200807 19:59:43.037" endtime="20200807 19:59:43.037"></status>
</kw>
<kw name="Get Text" library="Selenium2Library">
<doc>Returns the text value of the element identified by ``locator``.</doc>
<arguments>
<arg>${Filter_Value}</arg>
</arguments>
<assign>
<var>${value}</var>
</assign>
<msg timestamp="20200807 19:59:43.049" level="INFO">${value} = Room Service</msg>
<status status="PASS" starttime="20200807 19:59:43.037" endtime="20200807 19:59:43.049"></status>
</kw>
<kw name="Click Element" library="Selenium2Library">
<doc>Click the element identified by ``locator``.</doc>
<arguments>
<arg>${Filter_Num}</arg>
</arguments>
<msg timestamp="20200807 19:59:43.050" level="INFO">Clicking element 'css=div[id*='facility'] ul li:nth-child(21)'.</msg>
<status status="PASS" starttime="20200807 19:59:43.050" endtime="20200807 19:59:43.473"></status>
</kw>
<kw name="Run Keyword And Return Status" library="BuiltIn">
<doc>Runs the given keyword with given arguments and returns the status as a Boolean value.</doc>
<arguments>
<arg>Element Should Contain</arg>
<arg>${AppliedSection}</arg>
<arg>${value}</arg>
</arguments>
<assign>
<var>${status}</var>
</assign>
<kw name="Element Should Contain" library="Selenium2Library">
<doc>Verifies that element ``locator`` contains text ``expected``.</doc>
<arguments>
<arg>${AppliedSection}</arg>
<arg>${value}</arg>
</arguments>
<msg timestamp="20200807 19:59:43.498" level="INFO">Element 'css=.appliedFilters' contains text 'Room Service'.</msg>
<status status="PASS" starttime="20200807 19:59:43.474" endtime="20200807 19:59:43.499"></status>
</kw>
<msg timestamp="20200807 19:59:43.499" level="INFO">${status} = True</msg>
<status status="PASS" starttime="20200807 19:59:43.474" endtime="20200807 19:59:43.499"></status>
</kw>
<kw name="Run Keyword If" library="BuiltIn">
<doc>Runs the given keyword with the given arguments, if ``condition`` is true.</doc>
<arguments>
<arg>${status}==True</arg>
<arg>Check Hotels According To "${selectFilterValue} Filter" For Destination</arg>
<arg>${filter}</arg>
<arg>${FiltersList}</arg>
<arg>${Filter_Num}</arg>
<arg>${value}</arg>
</arguments>
<kw name="Check Hotels According To &quot;Ficility filter&quot; For Destination">
<arguments>
<arg>${filter}</arg>
<arg>${FiltersList}</arg>
<arg>${Filter_Num}</arg>
<arg>${value}</arg>
</arguments>
<kw name="Wait Until Element Is Visible" library="Selenium2Library">
<doc>Waits until the element ``locator`` is visible.</doc>
<arguments>
<arg>${HotelsLists}</arg>
</arguments>
<status status="PASS" starttime="20200807 19:59:43.501" endtime="20200807 19:59:45.723"></status>
</kw>
<kw name="Element Should Be Visible" library="Selenium2Library">
<doc>Verifies that the element identified by ``locator`` is visible.</doc>
<arguments>
<arg>${HotelsLists}</arg>
</arguments>
<msg timestamp="20200807 19:59:45.761" level="INFO">Element 'css=.listingRowOuter' is displayed.</msg>
<status status="PASS" starttime="20200807 19:59:45.723" endtime="20200807 19:59:45.762"></status>
</kw>
<kw name="Get Element Count" library="Selenium2Library">
<doc>Returns the number of elements matching ``locator``.</doc>
<arguments>
<arg>${HotelsLists}</arg>
</arguments>
<assign>
<var>${countHotels}</var>
</assign>
<msg timestamp="20200807 19:59:45.771" level="INFO">${countHotels} = 10</msg>
<status status="PASS" starttime="20200807 19:59:45.762" endtime="20200807 19:59:45.771"></status>
</kw>
<kw name="Click Element" library="Selenium2Library">
<doc>Click the element identified by ``locator``.</doc>
<arguments>
<arg>${AppliedFilterCancelMark}</arg>
</arguments>
<msg timestamp="20200807 19:59:45.772" level="INFO">Clicking element 'css=.appliedFilters li:nth-child(1) a'.</msg>
<status status="PASS" starttime="20200807 19:59:45.772" endtime="20200807 19:59:46.127"></status>
</kw>
<kw name="Sleep" library="BuiltIn">
<doc>Pauses the test executed for the given time.</doc>
<arguments>
<arg>5s</arg>
</arguments>
<msg timestamp="20200807 19:59:51.130" level="INFO">Slept 5 seconds</msg>
<status status="PASS" starttime="20200807 19:59:46.128" endtime="20200807 19:59:51.130"></status>
</kw>
<status status="PASS" starttime="20200807 19:59:43.500" endtime="20200807 19:59:51.131"></status>
</kw>
<status status="PASS" starttime="20200807 19:59:43.499" endtime="20200807 19:59:51.131"></status>
</kw>
<kw name="Replace String" library="String">
<doc>Replaces ``search_for`` in the given ``string`` with ``replace_with``.</doc>
<arguments>
<arg>${FilterNum}</arg>
<arg>${num}</arg>
<arg>FILTERNUM</arg>
</arguments>
<assign>
<var>${FilterNum}</var>
</assign>
<msg timestamp="20200807 19:59:51.133" level="INFO">${FilterNum} = css=div[id*='facility'] ul li:nth-child(FILTERNUM)</msg>
<status status="PASS" starttime="20200807 19:59:51.132" endtime="20200807 19:59:51.133"></status>
</kw>
<kw name="Replace String" library="String">
<doc>Replaces ``search_for`` in the given ``string`` with ``replace_with``.</doc>
<arguments>
<arg>${FilterValue}</arg>
<arg>${num}</arg>
<arg>FILTERNUM</arg>
</arguments>
<assign>
<var>${FilterValue}</var>
</assign>
<msg timestamp="20200807 19:59:51.135" level="INFO">${FilterValue} = css=div[id*='facility'] ul li:nth-child(FILTERNUM) label</msg>
<status status="PASS" starttime="20200807 19:59:51.134" endtime="20200807 19:59:51.135"></status>
</kw>
<kw name="Evaluate" library="BuiltIn">
<doc>Evaluates the given expression in Python and returns the results.</doc>
<arguments>
<arg>${filter}+1</arg>
</arguments>
<assign>
<var>${filter}</var>
</assign>
<msg timestamp="20200807 19:59:51.137" level="INFO">${filter} = 22</msg>
<status status="PASS" starttime="20200807 19:59:51.136" endtime="20200807 19:59:51.137"></status>
</kw>
<status status="PASS" starttime="20200807 19:59:43.034" endtime="20200807 19:59:51.137"></status>
</kw>
<status status="PASS" starttime="20200807 19:57:58.039" endtime="20200807 19:59:51.137"></status>
</kw>
<status status="PASS" starttime="20200807 19:57:57.998" endtime="20200807 19:59:51.138"></status>
</kw>
<status status="PASS" starttime="20200807 19:57:57.996" endtime="20200807 19:59:51.138"></status>
</kw>
<status status="PASS" starttime="20200807 19:57:57.428" endtime="20200807 19:59:51.139"></status>
</kw>
<status status="PASS" starttime="20200807 19:57:57.426" endtime="20200807 19:59:51.141" critical="yes"></status>
</test>
<status status="PASS" starttime="20200807 19:55:13.344" endtime="20200807 19:59:51.149"></status>
</suite>
<statistics>
<total>
<stat pass="6" fail="0">Critical Tests</stat>
<stat pass="6" fail="0">All Tests</stat>
</total>
<tag>
</tag>
<suite>
<stat pass="6" fail="0" id="s1" name="Automation">Automation</stat>
</suite>
</statistics>
<errors>
</errors>
</robot>
